{"meta": {"format": 3, "version": "7.13.4", "timestamp": "2026-02-12T05:06:49.670017", "branch_coverage": false, "show_contexts": false}, "files": {"src/fortimanager_mcp/__init__.py": {"executed_lines": [3, 4, 5, 7, 8, 9, 11], "summary": {"covered_lines": 7, "num_statements": 7, "percent_covered": 100.0, "percent_covered_display": "100", "missing_lines": 0, "excluded_lines": 0, "percent_statements_covered": 100.0, "percent_statements_covered_display": "100"}, "missing_lines": [], "excluded_lines": [], "functions": {"": {"executed_lines": [3, 4, 5, 7, 8, 9, 11], "summary": {"covered_lines": 7, "num_statements": 7, "percent_covered": 100.0, "percent_covered_display": "100", "missing_lines": 0, "excluded_lines": 0, "percent_statements_covered": 100.0, "percent_statements_covered_display": "100"}, "missing_lines": [], "excluded_lines": [], "start_line": 1}}, "classes": {"": {"executed_lines": [3, 4, 5, 7, 8, 9, 11], "summary": {"covered_lines": 7, "num_statements": 7, "percent_covered": 100.0, "percent_covered_display": "100", "missing_lines": 0, "excluded_lines": 0, "percent_statements_covered": 100.0, "percent_statements_covered_display": "100"}, "missing_lines": [], "excluded_lines": [], "start_line": 1}}}, "src/fortimanager_mcp/__main__.py": {"executed_lines": [], "summary": {"covered_lines": 0, "num_statements": 3, "percent_covered": 0.0, "percent_covered_display": "0", "missing_lines": 3, "excluded_lines": 0, "percent_statements_covered": 0.0, "percent_statements_covered_display": "0"}, "missing_lines": [3, 5, 6], "excluded_lines": [], "functions": {"": {"executed_lines": [], "summary": {"covered_lines": 0, "num_statements": 3, "percent_covered": 0.0, "percent_covered_display": "0", "missing_lines": 3, "excluded_lines": 0, "percent_statements_covered": 0.0, "percent_statements_covered_display": "0"}, "missing_lines": [3, 5, 6], "excluded_lines": [], "start_line": 1}}, "classes": {"": {"executed_lines": [], "summary": {"covered_lines": 0, "num_statements": 3, "percent_covered": 0.0, "percent_covered_display": "0", "missing_lines": 3, "excluded_lines": 0, "percent_statements_covered": 0.0, "percent_statements_covered_display": "0"}, "missing_lines": [3, 5, 6], "excluded_lines": [], "start_line": 1}}}, "src/fortimanager_mcp/api/__init__.py": {"executed_lines": [3, 4, 13], "summary": {"covered_lines": 3, "num_statements": 3, "percent_covered": 100.0, "percent_covered_display": "100", "missing_lines": 0, "excluded_lines": 0, "percent_statements_covered": 100.0, "percent_statements_covered_display": "100"}, "missing_lines": [], "excluded_lines": [], "functions": {"": {"executed_lines": [3, 4, 13], "summary": {"covered_lines": 3, "num_statements": 3, "percent_covered": 100.0, "percent_covered_display": "100", "missing_lines": 0, "excluded_lines": 0, "percent_statements_covered": 100.0, "percent_statements_covered_display": "100"}, "missing_lines": [], "excluded_lines": [], "start_line": 1}}, "classes": {"": {"executed_lines": [3, 4, 13], "summary": {"covered_lines": 3, "num_statements": 3, "percent_covered": 100.0, "percent_covered_display": "100", "missing_lines": 0, "excluded_lines": 0, "percent_statements_covered": 100.0, "percent_statements_covered_display": "100"}, "missing_lines": [], "excluded_lines": [], "start_line": 1}}}, "src/fortimanager_mcp/api/additional_objects.py": {"executed_lines": [], "summary": {"covered_lines": 0, "num_statements": 68, "percent_covered": 0.0, "percent_covered_display": "0", "missing_lines": 68, "excluded_lines": 0, "percent_statements_covered": 0.0, "percent_statements_covered_display": "0"}, "missing_lines": [3, 5, 8, 11, 13, 19, 34, 35, 36, 38, 52, 53, 55, 69, 70, 71, 73, 91, 96, 97, 99, 113, 114, 120, 135, 136, 137, 139, 153, 154, 156, 182, 183, 184, 186, 202, 203, 205, 219, 220, 226, 241, 242, 243, 245, 259, 260, 262, 280, 285, 286, 288, 302, 303, 309, 324, 325, 326, 328, 342, 343, 345, 370, 371, 372, 374, 388, 389], "excluded_lines": [], "functions": {"AdditionalObjectsAPI.__init__": {"executed_lines": [], "summary": {"covered_lines": 0, "num_statements": 1, "percent_covered": 0.0, "percent_covered_display": "0", "missing_lines": 1, "excluded_lines": 0, "percent_statements_covered": 0.0, "percent_statements_covered_display": "0"}, "missing_lines": [13], "excluded_lines": [], "start_line": 11}, "AdditionalObjectsAPI.list_internet_service_names": {"executed_lines": [], "summary": {"covered_lines": 0, "num_statements": 3, "percent_covered": 0.0, "percent_covered_display": "0", "missing_lines": 3, "excluded_lines": 0, "percent_statements_covered": 0.0, "percent_statements_covered_display": "0"}, "missing_lines": [34, 35, 36], "excluded_lines": [], "start_line": 19}, "AdditionalObjectsAPI.get_internet_service_name": {"executed_lines": [], "summary": {"covered_lines": 0, "num_statements": 2, "percent_covered": 0.0, "percent_covered_display": "0", "missing_lines": 2, "excluded_lines": 0, "percent_statements_covered": 0.0, "percent_statements_covered_display": "0"}, "missing_lines": [52, 53], "excluded_lines": [], "start_line": 38}, "AdditionalObjectsAPI.list_internet_service_groups": {"executed_lines": [], "summary": {"covered_lines": 0, "num_statements": 3, "percent_covered": 0.0, "percent_covered_display": "0", "missing_lines": 3, "excluded_lines": 0, "percent_statements_covered": 0.0, "percent_statements_covered_display": "0"}, "missing_lines": [69, 70, 71], "excluded_lines": [], "start_line": 55}, "AdditionalObjectsAPI.create_internet_service_group": {"executed_lines": [], "summary": {"covered_lines": 0, "num_statements": 3, "percent_covered": 0.0, "percent_covered_display": "0", "missing_lines": 3, "excluded_lines": 0, "percent_statements_covered": 0.0, "percent_statements_covered_display": "0"}, "missing_lines": [91, 96, 97], "excluded_lines": [], "start_line": 73}, "AdditionalObjectsAPI.delete_internet_service_group": {"executed_lines": [], "summary": {"covered_lines": 0, "num_statements": 2, "percent_covered": 0.0, "percent_covered_display": "0", "missing_lines": 2, "excluded_lines": 0, "percent_statements_covered": 0.0, "percent_statements_covered_display": "0"}, "missing_lines": [113, 114], "excluded_lines": [], "start_line": 99}, "AdditionalObjectsAPI.list_profile_groups": {"executed_lines": [], "summary": {"covered_lines": 0, "num_statements": 3, "percent_covered": 0.0, "percent_covered_display": "0", "missing_lines": 3, "excluded_lines": 0, "percent_statements_covered": 0.0, "percent_statements_covered_display": "0"}, "missing_lines": [135, 136, 137], "excluded_lines": [], "start_line": 120}, "AdditionalObjectsAPI.get_profile_group": {"executed_lines": [], "summary": {"covered_lines": 0, "num_statements": 2, "percent_covered": 0.0, "percent_covered_display": "0", "missing_lines": 2, "excluded_lines": 0, "percent_statements_covered": 0.0, "percent_statements_covered_display": "0"}, "missing_lines": [153, 154], "excluded_lines": [], "start_line": 139}, "AdditionalObjectsAPI.create_profile_group": {"executed_lines": [], "summary": {"covered_lines": 0, "num_statements": 3, "percent_covered": 0.0, "percent_covered_display": "0", "missing_lines": 3, "excluded_lines": 0, "percent_statements_covered": 0.0, "percent_statements_covered_display": "0"}, "missing_lines": [182, 183, 184], "excluded_lines": [], "start_line": 156}, "AdditionalObjectsAPI.update_profile_group": {"executed_lines": [], "summary": {"covered_lines": 0, "num_statements": 2, "percent_covered": 0.0, "percent_covered_display": "0", "missing_lines": 2, "excluded_lines": 0, "percent_statements_covered": 0.0, "percent_statements_covered_display": "0"}, "missing_lines": [202, 203], "excluded_lines": [], "start_line": 186}, "AdditionalObjectsAPI.delete_profile_group": {"executed_lines": [], "summary": {"covered_lines": 0, "num_statements": 2, "percent_covered": 0.0, "percent_covered_display": "0", "missing_lines": 2, "excluded_lines": 0, "percent_statements_covered": 0.0, "percent_statements_covered_display": "0"}, "missing_lines": [219, 220], "excluded_lines": [], "start_line": 205}, "AdditionalObjectsAPI.list_custom_applications": {"executed_lines": [], "summary": {"covered_lines": 0, "num_statements": 3, "percent_covered": 0.0, "percent_covered_display": "0", "missing_lines": 3, "excluded_lines": 0, "percent_statements_covered": 0.0, "percent_statements_covered_display": "0"}, "missing_lines": [241, 242, 243], "excluded_lines": [], "start_line": 226}, "AdditionalObjectsAPI.get_custom_application": {"executed_lines": [], "summary": {"covered_lines": 0, "num_statements": 2, "percent_covered": 0.0, "percent_covered_display": "0", "missing_lines": 2, "excluded_lines": 0, "percent_statements_covered": 0.0, "percent_statements_covered_display": "0"}, "missing_lines": [259, 260], "excluded_lines": [], "start_line": 245}, "AdditionalObjectsAPI.create_custom_application": {"executed_lines": [], "summary": {"covered_lines": 0, "num_statements": 3, "percent_covered": 0.0, "percent_covered_display": "0", "missing_lines": 3, "excluded_lines": 0, "percent_statements_covered": 0.0, "percent_statements_covered_display": "0"}, "missing_lines": [280, 285, 286], "excluded_lines": [], "start_line": 262}, "AdditionalObjectsAPI.delete_custom_application": {"executed_lines": [], "summary": {"covered_lines": 0, "num_statements": 2, "percent_covered": 0.0, "percent_covered_display": "0", "missing_lines": 2, "excluded_lines": 0, "percent_statements_covered": 0.0, "percent_statements_covered_display": "0"}, "missing_lines": [302, 303], "excluded_lines": [], "start_line": 288}, "AdditionalObjectsAPI.list_dns_filter_domains": {"executed_lines": [], "summary": {"covered_lines": 0, "num_statements": 3, "percent_covered": 0.0, "percent_covered_display": "0", "missing_lines": 3, "excluded_lines": 0, "percent_statements_covered": 0.0, "percent_statements_covered_display": "0"}, "missing_lines": [324, 325, 326], "excluded_lines": [], "start_line": 309}, "AdditionalObjectsAPI.get_dns_filter_domain": {"executed_lines": [], "summary": {"covered_lines": 0, "num_statements": 2, "percent_covered": 0.0, "percent_covered_display": "0", "missing_lines": 2, "excluded_lines": 0, "percent_statements_covered": 0.0, "percent_statements_covered_display": "0"}, "missing_lines": [342, 343], "excluded_lines": [], "start_line": 328}, "AdditionalObjectsAPI.create_dns_filter_domain": {"executed_lines": [], "summary": {"covered_lines": 0, "num_statements": 3, "percent_covered": 0.0, "percent_covered_display": "0", "missing_lines": 3, "excluded_lines": 0, "percent_statements_covered": 0.0, "percent_statements_covered_display": "0"}, "missing_lines": [370, 371, 372], "excluded_lines": [], "start_line": 345}, "AdditionalObjectsAPI.delete_dns_filter_domain": {"executed_lines": [], "summary": {"covered_lines": 0, "num_statements": 2, "percent_covered": 0.0, "percent_covered_display": "0", "missing_lines": 2, "excluded_lines": 0, "percent_statements_covered": 0.0, "percent_statements_covered_display": "0"}, "missing_lines": [388, 389], "excluded_lines": [], "start_line": 374}, "": {"executed_lines": [], "summary": {"covered_lines": 0, "num_statements": 22, "percent_covered": 0.0, "percent_covered_display": "0", "missing_lines": 22, "excluded_lines": 0, "percent_statements_covered": 0.0, "percent_statements_covered_display": "0"}, "missing_lines": [3, 5, 8, 11, 19, 38, 55, 73, 99, 120, 139, 156, 186, 205, 226, 245, 262, 288, 309, 328, 345, 374], "excluded_lines": [], "start_line": 1}}, "classes": {"AdditionalObjectsAPI": {"executed_lines": [], "summary": {"covered_lines": 0, "num_statements": 46, "percent_covered": 0.0, "percent_covered_display": "0", "missing_lines": 46, "excluded_lines": 0, "percent_statements_covered": 0.0, "percent_statements_covered_display": "0"}, "missing_lines": [13, 34, 35, 36, 52, 53, 69, 70, 71, 91, 96, 97, 113, 114, 135, 136, 137, 153, 154, 182, 183, 184, 202, 203, 219, 220, 241, 242, 243, 259, 260, 280, 285, 286, 302, 303, 324, 325, 326, 342, 343, 370, 371, 372, 388, 389], "excluded_lines": [], "start_line": 8}, "": {"executed_lines": [], "summary": {"covered_lines": 0, "num_statements": 22, "percent_covered": 0.0, "percent_covered_display": "0", "missing_lines": 22, "excluded_lines": 0, "percent_statements_covered": 0.0, "percent_statements_covered_display": "0"}, "missing_lines": [3, 5, 8, 11, 19, 38, 55, 73, 99, 120, 139, 156, 186, 205, 226, 245, 262, 288, 309, 328, 345, 374], "excluded_lines": [], "start_line": 1}}}, "src/fortimanager_mcp/api/adoms.py": {"executed_lines": [], "summary": {"covered_lines": 0, "num_statements": 165, "percent_covered": 0.0, "percent_covered_display": "0", "missing_lines": 165, "excluded_lines": 0, "percent_statements_covered": 0.0, "percent_statements_covered_display": "0"}, "missing_lines": [3, 5, 6, 7, 10, 13, 19, 21, 35, 36, 37, 39, 41, 50, 51, 53, 73, 80, 81, 83, 84, 86, 96, 97, 99, 105, 107, 113, 114, 116, 122, 123, 125, 131, 132, 135, 151, 155, 156, 158, 159, 161, 174, 179, 181, 196, 202, 204, 216, 217, 218, 220, 231, 235, 237, 255, 259, 260, 262, 263, 264, 266, 277, 278, 280, 292, 293, 294, 296, 308, 309, 310, 312, 328, 333, 334, 336, 352, 356, 357, 358, 360, 372, 373, 374, 376, 390, 391, 392, 398, 413, 414, 416, 431, 432, 434, 448, 449, 451, 466, 467, 468, 474, 489, 490, 491, 492, 493, 494, 500, 501, 503, 515, 516, 518, 533, 534, 535, 536, 537, 538, 544, 545, 547, 562, 563, 564, 565, 566, 567, 573, 574, 576, 588, 589, 590, 592, 604, 605, 607, 619, 620, 626, 663, 664, 665, 666, 667, 669, 678, 679, 681, 682, 684, 719, 727, 728, 730, 749, 750, 753, 759, 788, 789, 791], "excluded_lines": [], "functions": {"ADOMAPI.__init__": {"executed_lines": [], "summary": {"covered_lines": 0, "num_statements": 1, "percent_covered": 0.0, "percent_covered_display": "0", "missing_lines": 1, "excluded_lines": 0, "percent_statements_covered": 0.0, "percent_statements_covered_display": "0"}, "missing_lines": [19], "excluded_lines": [], "start_line": 13}, "ADOMAPI.list_adoms": {"executed_lines": [], "summary": {"covered_lines": 0, "num_statements": 4, "percent_covered": 0.0, "percent_covered_display": "0", "missing_lines": 4, "excluded_lines": 0, "percent_statements_covered": 0.0, "percent_statements_covered_display": "0"}, "missing_lines": [35, 36, 37, 39], "excluded_lines": [], "start_line": 21}, "ADOMAPI.get_adom": {"executed_lines": [], "summary": {"covered_lines": 0, "num_statements": 2, "percent_covered": 0.0, "percent_covered_display": "0", "missing_lines": 2, "excluded_lines": 0, "percent_statements_covered": 0.0, "percent_statements_covered_display": "0"}, "missing_lines": [50, 51], "excluded_lines": [], "start_line": 41}, "ADOMAPI.create_adom": {"executed_lines": [], "summary": {"covered_lines": 0, "num_statements": 5, "percent_covered": 0.0, "percent_covered_display": "0", "missing_lines": 5, "excluded_lines": 0, "percent_statements_covered": 0.0, "percent_statements_covered_display": "0"}, "missing_lines": [73, 80, 81, 83, 84], "excluded_lines": [], "start_line": 53}, "ADOMAPI.update_adom": {"executed_lines": [], "summary": {"covered_lines": 0, "num_statements": 2, "percent_covered": 0.0, "percent_covered_display": "0", "missing_lines": 2, "excluded_lines": 0, "percent_statements_covered": 0.0, "percent_statements_covered_display": "0"}, "missing_lines": [96, 97], "excluded_lines": [], "start_line": 86}, "ADOMAPI.delete_adom": {"executed_lines": [], "summary": {"covered_lines": 0, "num_statements": 1, "percent_covered": 0.0, "percent_covered_display": "0", "missing_lines": 1, "excluded_lines": 0, "percent_statements_covered": 0.0, "percent_statements_covered_display": "0"}, "missing_lines": [105], "excluded_lines": [], "start_line": 99}, "ADOMAPI.lock_adom": {"executed_lines": [], "summary": {"covered_lines": 0, "num_statements": 2, "percent_covered": 0.0, "percent_covered_display": "0", "missing_lines": 2, "excluded_lines": 0, "percent_statements_covered": 0.0, "percent_statements_covered_display": "0"}, "missing_lines": [413, 414], "excluded_lines": [], "start_line": 398}, "ADOMAPI.unlock_adom": {"executed_lines": [], "summary": {"covered_lines": 0, "num_statements": 2, "percent_covered": 0.0, "percent_covered_display": "0", "missing_lines": 2, "excluded_lines": 0, "percent_statements_covered": 0.0, "percent_statements_covered_display": "0"}, "missing_lines": [431, 432], "excluded_lines": [], "start_line": 416}, "ADOMAPI.commit_adom": {"executed_lines": [], "summary": {"covered_lines": 0, "num_statements": 2, "percent_covered": 0.0, "percent_covered_display": "0", "missing_lines": 2, "excluded_lines": 0, "percent_statements_covered": 0.0, "percent_statements_covered_display": "0"}, "missing_lines": [131, 132], "excluded_lines": [], "start_line": 125}, "ADOMAPI.clone_adom": {"executed_lines": [], "summary": {"covered_lines": 0, "num_statements": 5, "percent_covered": 0.0, "percent_covered_display": "0", "missing_lines": 5, "excluded_lines": 0, "percent_statements_covered": 0.0, "percent_statements_covered_display": "0"}, "missing_lines": [151, 155, 156, 158, 159], "excluded_lines": [], "start_line": 135}, "ADOMAPI.move_device_to_adom": {"executed_lines": [], "summary": {"covered_lines": 0, "num_statements": 2, "percent_covered": 0.0, "percent_covered_display": "0", "missing_lines": 2, "excluded_lines": 0, "percent_statements_covered": 0.0, "percent_statements_covered_display": "0"}, "missing_lines": [174, 179], "excluded_lines": [], "start_line": 161}, "ADOMAPI.move_vdom_to_adom": {"executed_lines": [], "summary": {"covered_lines": 0, "num_statements": 2, "percent_covered": 0.0, "percent_covered_display": "0", "missing_lines": 2, "excluded_lines": 0, "percent_statements_covered": 0.0, "percent_statements_covered_display": "0"}, "missing_lines": [196, 202], "excluded_lines": [], "start_line": 181}, "ADOMAPI.get_adom_revision_list": {"executed_lines": [], "summary": {"covered_lines": 0, "num_statements": 3, "percent_covered": 0.0, "percent_covered_display": "0", "missing_lines": 3, "excluded_lines": 0, "percent_statements_covered": 0.0, "percent_statements_covered_display": "0"}, "missing_lines": [216, 217, 218], "excluded_lines": [], "start_line": 204}, "ADOMAPI.revert_adom_revision": {"executed_lines": [], "summary": {"covered_lines": 0, "num_statements": 2, "percent_covered": 0.0, "percent_covered_display": "0", "missing_lines": 2, "excluded_lines": 0, "percent_statements_covered": 0.0, "percent_statements_covered_display": "0"}, "missing_lines": [231, 235], "excluded_lines": [], "start_line": 220}, "ADOMAPI.create_adom_revision": {"executed_lines": [], "summary": {"covered_lines": 0, "num_statements": 6, "percent_covered": 0.0, "percent_covered_display": "0", "missing_lines": 6, "excluded_lines": 0, "percent_statements_covered": 0.0, "percent_statements_covered_display": "0"}, "missing_lines": [255, 259, 260, 262, 263, 264], "excluded_lines": [], "start_line": 237}, "ADOMAPI.delete_adom_revision": {"executed_lines": [], "summary": {"covered_lines": 0, "num_statements": 2, "percent_covered": 0.0, "percent_covered_display": "0", "missing_lines": 2, "excluded_lines": 0, "percent_statements_covered": 0.0, "percent_statements_covered_display": "0"}, "missing_lines": [277, 278], "excluded_lines": [], "start_line": 266}, "ADOMAPI.get_adom_checksum": {"executed_lines": [], "summary": {"covered_lines": 0, "num_statements": 3, "percent_covered": 0.0, "percent_covered_display": "0", "missing_lines": 3, "excluded_lines": 0, "percent_statements_covered": 0.0, "percent_statements_covered_display": "0"}, "missing_lines": [292, 293, 294], "excluded_lines": [], "start_line": 280}, "ADOMAPI.check_adom_integrity": {"executed_lines": [], "summary": {"covered_lines": 0, "num_statements": 3, "percent_covered": 0.0, "percent_covered_display": "0", "missing_lines": 3, "excluded_lines": 0, "percent_statements_covered": 0.0, "percent_statements_covered_display": "0"}, "missing_lines": [308, 309, 310], "excluded_lines": [], "start_line": 296}, "ADOMAPI.upgrade_adom": {"executed_lines": [], "summary": {"covered_lines": 0, "num_statements": 3, "percent_covered": 0.0, "percent_covered_display": "0", "missing_lines": 3, "excluded_lines": 0, "percent_statements_covered": 0.0, "percent_statements_covered_display": "0"}, "missing_lines": [328, 333, 334], "excluded_lines": [], "start_line": 312}, "ADOMAPI.get_adom_where_used": {"executed_lines": [], "summary": {"covered_lines": 0, "num_statements": 4, "percent_covered": 0.0, "percent_covered_display": "0", "missing_lines": 4, "excluded_lines": 0, "percent_statements_covered": 0.0, "percent_statements_covered_display": "0"}, "missing_lines": [352, 356, 357, 358], "excluded_lines": [], "start_line": 336}, "ADOMAPI.get_adom_object_usage": {"executed_lines": [], "summary": {"covered_lines": 0, "num_statements": 3, "percent_covered": 0.0, "percent_covered_display": "0", "missing_lines": 3, "excluded_lines": 0, "percent_statements_covered": 0.0, "percent_statements_covered_display": "0"}, "missing_lines": [372, 373, 374], "excluded_lines": [], "start_line": 360}, "ADOMAPI.assign_device_to_adom": {"executed_lines": [], "summary": {"covered_lines": 0, "num_statements": 3, "percent_covered": 0.0, "percent_covered_display": "0", "missing_lines": 3, "excluded_lines": 0, "percent_statements_covered": 0.0, "percent_statements_covered_display": "0"}, "missing_lines": [390, 391, 392], "excluded_lines": [], "start_line": 376}, "ADOMAPI.get_adom_policy_sync_status": {"executed_lines": [], "summary": {"covered_lines": 0, "num_statements": 2, "percent_covered": 0.0, "percent_covered_display": "0", "missing_lines": 2, "excluded_lines": 0, "percent_statements_covered": 0.0, "percent_statements_covered_display": "0"}, "missing_lines": [448, 449], "excluded_lines": [], "start_line": 434}, "ADOMAPI.get_adom_meta_fields": {"executed_lines": [], "summary": {"covered_lines": 0, "num_statements": 3, "percent_covered": 0.0, "percent_covered_display": "0", "missing_lines": 3, "excluded_lines": 0, "percent_statements_covered": 0.0, "percent_statements_covered_display": "0"}, "missing_lines": [466, 467, 468], "excluded_lines": [], "start_line": 451}, "ADOMAPI.get_adom_statistics": {"executed_lines": [], "summary": {"covered_lines": 0, "num_statements": 8, "percent_covered": 0.0, "percent_covered_display": "0", "missing_lines": 8, "excluded_lines": 0, "percent_statements_covered": 0.0, "percent_statements_covered_display": "0"}, "missing_lines": [489, 490, 491, 492, 493, 494, 500, 501], "excluded_lines": [], "start_line": 474}, "ADOMAPI.export_adom_configuration": {"executed_lines": [], "summary": {"covered_lines": 0, "num_statements": 2, "percent_covered": 0.0, "percent_covered_display": "0", "missing_lines": 2, "excluded_lines": 0, "percent_statements_covered": 0.0, "percent_statements_covered_display": "0"}, "missing_lines": [515, 516], "excluded_lines": [], "start_line": 503}, "ADOMAPI.get_adom_health_status": {"executed_lines": [], "summary": {"covered_lines": 0, "num_statements": 8, "percent_covered": 0.0, "percent_covered_display": "0", "missing_lines": 8, "excluded_lines": 0, "percent_statements_covered": 0.0, "percent_statements_covered_display": "0"}, "missing_lines": [533, 534, 535, 536, 537, 538, 544, 545], "excluded_lines": [], "start_line": 518}, "ADOMAPI.get_adom_disk_usage": {"executed_lines": [], "summary": {"covered_lines": 0, "num_statements": 8, "percent_covered": 0.0, "percent_covered_display": "0", "missing_lines": 8, "excluded_lines": 0, "percent_statements_covered": 0.0, "percent_statements_covered_display": "0"}, "missing_lines": [562, 563, 564, 565, 566, 567, 573, 574], "excluded_lines": [], "start_line": 547}, "ADOMAPI.list_adom_templates": {"executed_lines": [], "summary": {"covered_lines": 0, "num_statements": 3, "percent_covered": 0.0, "percent_covered_display": "0", "missing_lines": 3, "excluded_lines": 0, "percent_statements_covered": 0.0, "percent_statements_covered_display": "0"}, "missing_lines": [588, 589, 590], "excluded_lines": [], "start_line": 576}, "ADOMAPI.get_adom_object_count": {"executed_lines": [], "summary": {"covered_lines": 0, "num_statements": 2, "percent_covered": 0.0, "percent_covered_display": "0", "missing_lines": 2, "excluded_lines": 0, "percent_statements_covered": 0.0, "percent_statements_covered_display": "0"}, "missing_lines": [604, 605], "excluded_lines": [], "start_line": 592}, "ADOMAPI.get_adom_policy_count": {"executed_lines": [], "summary": {"covered_lines": 0, "num_statements": 2, "percent_covered": 0.0, "percent_covered_display": "0", "missing_lines": 2, "excluded_lines": 0, "percent_statements_covered": 0.0, "percent_statements_covered_display": "0"}, "missing_lines": [619, 620], "excluded_lines": [], "start_line": 607}, "ADOMAPI.create_adom_advanced": {"executed_lines": [], "summary": {"covered_lines": 0, "num_statements": 10, "percent_covered": 0.0, "percent_covered_display": "0", "missing_lines": 10, "excluded_lines": 0, "percent_statements_covered": 0.0, "percent_statements_covered_display": "0"}, "missing_lines": [663, 664, 665, 666, 667, 669, 678, 679, 681, 682], "excluded_lines": [], "start_line": 626}, "ADOMAPI.create_adom_with_devices": {"executed_lines": [], "summary": {"covered_lines": 0, "num_statements": 3, "percent_covered": 0.0, "percent_covered_display": "0", "missing_lines": 3, "excluded_lines": 0, "percent_statements_covered": 0.0, "percent_statements_covered_display": "0"}, "missing_lines": [719, 727, 728], "excluded_lines": [], "start_line": 684}, "ADOMAPI.get_adom_display_preferences": {"executed_lines": [], "summary": {"covered_lines": 0, "num_statements": 3, "percent_covered": 0.0, "percent_covered_display": "0", "missing_lines": 3, "excluded_lines": 0, "percent_statements_covered": 0.0, "percent_statements_covered_display": "0"}, "missing_lines": [749, 750, 753], "excluded_lines": [], "start_line": 730}, "ADOMAPI.get_adom_resource_limits": {"executed_lines": [], "summary": {"covered_lines": 0, "num_statements": 3, "percent_covered": 0.0, "percent_covered_display": "0", "missing_lines": 3, "excluded_lines": 0, "percent_statements_covered": 0.0, "percent_statements_covered_display": "0"}, "missing_lines": [788, 789, 791], "excluded_lines": [], "start_line": 759}, "": {"executed_lines": [], "summary": {"covered_lines": 0, "num_statements": 42, "percent_covered": 0.0, "percent_covered_display": "0", "missing_lines": 42, "excluded_lines": 0, "percent_statements_covered": 0.0, "percent_statements_covered_display": "0"}, "missing_lines": [3, 5, 6, 7, 10, 13, 21, 41, 53, 86, 99, 107, 116, 125, 135, 161, 181, 204, 220, 237, 266, 280, 296, 312, 336, 360, 376, 398, 416, 434, 451, 474, 503, 518, 547, 576, 592, 607, 626, 684, 730, 759], "excluded_lines": [], "start_line": 1}}, "classes": {"ADOMAPI": {"executed_lines": [], "summary": {"covered_lines": 0, "num_statements": 123, "percent_covered": 0.0, "percent_covered_display": "0", "missing_lines": 123, "excluded_lines": 0, "percent_statements_covered": 0.0, "percent_statements_covered_display": "0"}, "missing_lines": [19, 35, 36, 37, 39, 50, 51, 73, 80, 81, 83, 84, 96, 97, 105, 113, 114, 122, 123, 131, 132, 151, 155, 156, 158, 159, 174, 179, 196, 202, 216, 217, 218, 231, 235, 255, 259, 260, 262, 263, 264, 277, 278, 292, 293, 294, 308, 309, 310, 328, 333, 334, 352, 356, 357, 358, 372, 373, 374, 390, 391, 392, 413, 414, 431, 432, 448, 449, 466, 467, 468, 489, 490, 491, 492, 493, 494, 500, 501, 515, 516, 533, 534, 535, 536, 537, 538, 544, 545, 562, 563, 564, 565, 566, 567, 573, 574, 588, 589, 590, 604, 605, 619, 620, 663, 664, 665, 666, 667, 669, 678, 679, 681, 682, 719, 727, 728, 749, 750, 753, 788, 789, 791], "excluded_lines": [], "start_line": 10}, "": {"executed_lines": [], "summary": {"covered_lines": 0, "num_statements": 42, "percent_covered": 0.0, "percent_covered_display": "0", "missing_lines": 42, "excluded_lines": 0, "percent_statements_covered": 0.0, "percent_statements_covered_display": "0"}, "missing_lines": [3, 5, 6, 7, 10, 13, 21, 41, 53, 86, 99, 107, 116, 125, 135, 161, 181, 204, 220, 237, 266, 280, 296, 312, 336, 360, 376, 398, 416, 434, 451, 474, 503, 518, 547, 576, 592, 607, 626, 684, 730, 759], "excluded_lines": [], "start_line": 1}}}, "src/fortimanager_mcp/api/advanced_objects.py": {"executed_lines": [], "summary": {"covered_lines": 0, "num_statements": 96, "percent_covered": 0.0, "percent_covered_display": "0", "missing_lines": 96, "excluded_lines": 0, "percent_statements_covered": 0.0, "percent_statements_covered_display": "0"}, "missing_lines": [3, 5, 8, 11, 13, 19, 30, 31, 32, 34, 44, 45, 47, 80, 86, 87, 89, 105, 106, 108, 118, 119, 125, 134, 135, 136, 138, 148, 149, 151, 169, 174, 175, 177, 193, 194, 196, 206, 207, 213, 224, 225, 226, 228, 238, 239, 241, 269, 275, 276, 278, 294, 295, 297, 307, 308, 314, 323, 324, 325, 327, 336, 337, 338, 340, 349, 350, 351, 353, 383, 390, 391, 393, 413, 419, 420, 422, 436, 437, 439, 453, 454, 460, 471, 472, 473, 475, 485, 486, 488, 512, 517, 518, 520, 534, 535], "excluded_lines": [], "functions": {"AdvancedObjectsAPI.__init__": {"executed_lines": [], "summary": {"covered_lines": 0, "num_statements": 1, "percent_covered": 0.0, "percent_covered_display": "0", "missing_lines": 1, "excluded_lines": 0, "percent_statements_covered": 0.0, "percent_statements_covered_display": "0"}, "missing_lines": [13], "excluded_lines": [], "start_line": 11}, "AdvancedObjectsAPI.list_vips": {"executed_lines": [], "summary": {"covered_lines": 0, "num_statements": 3, "percent_covered": 0.0, "percent_covered_display": "0", "missing_lines": 3, "excluded_lines": 0, "percent_statements_covered": 0.0, "percent_statements_covered_display": "0"}, "missing_lines": [30, 31, 32], "excluded_lines": [], "start_line": 19}, "AdvancedObjectsAPI.get_vip": {"executed_lines": [], "summary": {"covered_lines": 0, "num_statements": 2, "percent_covered": 0.0, "percent_covered_display": "0", "missing_lines": 2, "excluded_lines": 0, "percent_statements_covered": 0.0, "percent_statements_covered_display": "0"}, "missing_lines": [44, 45], "excluded_lines": [], "start_line": 34}, "AdvancedObjectsAPI.create_vip": {"executed_lines": [], "summary": {"covered_lines": 0, "num_statements": 3, "percent_covered": 0.0, "percent_covered_display": "0", "missing_lines": 3, "excluded_lines": 0, "percent_statements_covered": 0.0, "percent_statements_covered_display": "0"}, "missing_lines": [80, 86, 87], "excluded_lines": [], "start_line": 47}, "AdvancedObjectsAPI.update_vip": {"executed_lines": [], "summary": {"covered_lines": 0, "num_statements": 2, "percent_covered": 0.0, "percent_covered_display": "0", "missing_lines": 2, "excluded_lines": 0, "percent_statements_covered": 0.0, "percent_statements_covered_display": "0"}, "missing_lines": [105, 106], "excluded_lines": [], "start_line": 89}, "AdvancedObjectsAPI.delete_vip": {"executed_lines": [], "summary": {"covered_lines": 0, "num_statements": 2, "percent_covered": 0.0, "percent_covered_display": "0", "missing_lines": 2, "excluded_lines": 0, "percent_statements_covered": 0.0, "percent_statements_covered_display": "0"}, "missing_lines": [118, 119], "excluded_lines": [], "start_line": 108}, "AdvancedObjectsAPI.list_vip_groups": {"executed_lines": [], "summary": {"covered_lines": 0, "num_statements": 3, "percent_covered": 0.0, "percent_covered_display": "0", "missing_lines": 3, "excluded_lines": 0, "percent_statements_covered": 0.0, "percent_statements_covered_display": "0"}, "missing_lines": [134, 135, 136], "excluded_lines": [], "start_line": 125}, "AdvancedObjectsAPI.get_vip_group": {"executed_lines": [], "summary": {"covered_lines": 0, "num_statements": 2, "percent_covered": 0.0, "percent_covered_display": "0", "missing_lines": 2, "excluded_lines": 0, "percent_statements_covered": 0.0, "percent_statements_covered_display": "0"}, "missing_lines": [148, 149], "excluded_lines": [], "start_line": 138}, "AdvancedObjectsAPI.create_vip_group": {"executed_lines": [], "summary": {"covered_lines": 0, "num_statements": 3, "percent_covered": 0.0, "percent_covered_display": "0", "missing_lines": 3, "excluded_lines": 0, "percent_statements_covered": 0.0, "percent_statements_covered_display": "0"}, "missing_lines": [169, 174, 175], "excluded_lines": [], "start_line": 151}, "AdvancedObjectsAPI.update_vip_group": {"executed_lines": [], "summary": {"covered_lines": 0, "num_statements": 2, "percent_covered": 0.0, "percent_covered_display": "0", "missing_lines": 2, "excluded_lines": 0, "percent_statements_covered": 0.0, "percent_statements_covered_display": "0"}, "missing_lines": [193, 194], "excluded_lines": [], "start_line": 177}, "AdvancedObjectsAPI.delete_vip_group": {"executed_lines": [], "summary": {"covered_lines": 0, "num_statements": 2, "percent_covered": 0.0, "percent_covered_display": "0", "missing_lines": 2, "excluded_lines": 0, "percent_statements_covered": 0.0, "percent_statements_covered_display": "0"}, "missing_lines": [206, 207], "excluded_lines": [], "start_line": 196}, "AdvancedObjectsAPI.list_ip_pools": {"executed_lines": [], "summary": {"covered_lines": 0, "num_statements": 3, "percent_covered": 0.0, "percent_covered_display": "0", "missing_lines": 3, "excluded_lines": 0, "percent_statements_covered": 0.0, "percent_statements_covered_display": "0"}, "missing_lines": [224, 225, 226], "excluded_lines": [], "start_line": 213}, "AdvancedObjectsAPI.get_ip_pool": {"executed_lines": [], "summary": {"covered_lines": 0, "num_statements": 2, "percent_covered": 0.0, "percent_covered_display": "0", "missing_lines": 2, "excluded_lines": 0, "percent_statements_covered": 0.0, "percent_statements_covered_display": "0"}, "missing_lines": [238, 239], "excluded_lines": [], "start_line": 228}, "AdvancedObjectsAPI.create_ip_pool": {"executed_lines": [], "summary": {"covered_lines": 0, "num_statements": 3, "percent_covered": 0.0, "percent_covered_display": "0", "missing_lines": 3, "excluded_lines": 0, "percent_statements_covered": 0.0, "percent_statements_covered_display": "0"}, "missing_lines": [269, 275, 276], "excluded_lines": [], "start_line": 241}, "AdvancedObjectsAPI.update_ip_pool": {"executed_lines": [], "summary": {"covered_lines": 0, "num_statements": 2, "percent_covered": 0.0, "percent_covered_display": "0", "missing_lines": 2, "excluded_lines": 0, "percent_statements_covered": 0.0, "percent_statements_covered_display": "0"}, "missing_lines": [294, 295], "excluded_lines": [], "start_line": 278}, "AdvancedObjectsAPI.delete_ip_pool": {"executed_lines": [], "summary": {"covered_lines": 0, "num_statements": 2, "percent_covered": 0.0, "percent_covered_display": "0", "missing_lines": 2, "excluded_lines": 0, "percent_statements_covered": 0.0, "percent_statements_covered_display": "0"}, "missing_lines": [307, 308], "excluded_lines": [], "start_line": 297}, "AdvancedObjectsAPI.list_schedules_onetime": {"executed_lines": [], "summary": {"covered_lines": 0, "num_statements": 3, "percent_covered": 0.0, "percent_covered_display": "0", "missing_lines": 3, "excluded_lines": 0, "percent_statements_covered": 0.0, "percent_statements_covered_display": "0"}, "missing_lines": [323, 324, 325], "excluded_lines": [], "start_line": 314}, "AdvancedObjectsAPI.list_schedules_recurring": {"executed_lines": [], "summary": {"covered_lines": 0, "num_statements": 3, "percent_covered": 0.0, "percent_covered_display": "0", "missing_lines": 3, "excluded_lines": 0, "percent_statements_covered": 0.0, "percent_statements_covered_display": "0"}, "missing_lines": [336, 337, 338], "excluded_lines": [], "start_line": 327}, "AdvancedObjectsAPI.list_schedules_group": {"executed_lines": [], "summary": {"covered_lines": 0, "num_statements": 3, "percent_covered": 0.0, "percent_covered_display": "0", "missing_lines": 3, "excluded_lines": 0, "percent_statements_covered": 0.0, "percent_statements_covered_display": "0"}, "missing_lines": [349, 350, 351], "excluded_lines": [], "start_line": 340}, "AdvancedObjectsAPI.create_schedule_recurring": {"executed_lines": [], "summary": {"covered_lines": 0, "num_statements": 3, "percent_covered": 0.0, "percent_covered_display": "0", "missing_lines": 3, "excluded_lines": 0, "percent_statements_covered": 0.0, "percent_statements_covered_display": "0"}, "missing_lines": [383, 390, 391], "excluded_lines": [], "start_line": 353}, "AdvancedObjectsAPI.create_schedule_onetime": {"executed_lines": [], "summary": {"covered_lines": 0, "num_statements": 3, "percent_covered": 0.0, "percent_covered_display": "0", "missing_lines": 3, "excluded_lines": 0, "percent_statements_covered": 0.0, "percent_statements_covered_display": "0"}, "missing_lines": [413, 419, 420], "excluded_lines": [], "start_line": 393}, "AdvancedObjectsAPI.delete_schedule_recurring": {"executed_lines": [], "summary": {"covered_lines": 0, "num_statements": 2, "percent_covered": 0.0, "percent_covered_display": "0", "missing_lines": 2, "excluded_lines": 0, "percent_statements_covered": 0.0, "percent_statements_covered_display": "0"}, "missing_lines": [436, 437], "excluded_lines": [], "start_line": 422}, "AdvancedObjectsAPI.delete_schedule_onetime": {"executed_lines": [], "summary": {"covered_lines": 0, "num_statements": 2, "percent_covered": 0.0, "percent_covered_display": "0", "missing_lines": 2, "excluded_lines": 0, "percent_statements_covered": 0.0, "percent_statements_covered_display": "0"}, "missing_lines": [453, 454], "excluded_lines": [], "start_line": 439}, "AdvancedObjectsAPI.list_wildcard_fqdns": {"executed_lines": [], "summary": {"covered_lines": 0, "num_statements": 3, "percent_covered": 0.0, "percent_covered_display": "0", "missing_lines": 3, "excluded_lines": 0, "percent_statements_covered": 0.0, "percent_statements_covered_display": "0"}, "missing_lines": [471, 472, 473], "excluded_lines": [], "start_line": 460}, "AdvancedObjectsAPI.get_wildcard_fqdn": {"executed_lines": [], "summary": {"covered_lines": 0, "num_statements": 2, "percent_covered": 0.0, "percent_covered_display": "0", "missing_lines": 2, "excluded_lines": 0, "percent_statements_covered": 0.0, "percent_statements_covered_display": "0"}, "missing_lines": [485, 486], "excluded_lines": [], "start_line": 475}, "AdvancedObjectsAPI.create_wildcard_fqdn": {"executed_lines": [], "summary": {"covered_lines": 0, "num_statements": 3, "percent_covered": 0.0, "percent_covered_display": "0", "missing_lines": 3, "excluded_lines": 0, "percent_statements_covered": 0.0, "percent_statements_covered_display": "0"}, "missing_lines": [512, 517, 518], "excluded_lines": [], "start_line": 488}, "AdvancedObjectsAPI.delete_wildcard_fqdn": {"executed_lines": [], "summary": {"covered_lines": 0, "num_statements": 2, "percent_covered": 0.0, "percent_covered_display": "0", "missing_lines": 2, "excluded_lines": 0, "percent_statements_covered": 0.0, "percent_statements_covered_display": "0"}, "missing_lines": [534, 535], "excluded_lines": [], "start_line": 520}, "": {"executed_lines": [], "summary": {"covered_lines": 0, "num_statements": 30, "percent_covered": 0.0, "percent_covered_display": "0", "missing_lines": 30, "excluded_lines": 0, "percent_statements_covered": 0.0, "percent_statements_covered_display": "0"}, "missing_lines": [3, 5, 8, 11, 19, 34, 47, 89, 108, 125, 138, 151, 177, 196, 213, 228, 241, 278, 297, 314, 327, 340, 353, 393, 422, 439, 460, 475, 488, 520], "excluded_lines": [], "start_line": 1}}, "classes": {"AdvancedObjectsAPI": {"executed_lines": [], "summary": {"covered_lines": 0, "num_statements": 66, "percent_covered": 0.0, "percent_covered_display": "0", "missing_lines": 66, "excluded_lines": 0, "percent_statements_covered": 0.0, "percent_statements_covered_display": "0"}, "missing_lines": [13, 30, 31, 32, 44, 45, 80, 86, 87, 105, 106, 118, 119, 134, 135, 136, 148, 149, 169, 174, 175, 193, 194, 206, 207, 224, 225, 226, 238, 239, 269, 275, 276, 294, 295, 307, 308, 323, 324, 325, 336, 337, 338, 349, 350, 351, 383, 390, 391, 413, 419, 420, 436, 437, 453, 454, 471, 472, 473, 485, 486, 512, 517, 518, 534, 535], "excluded_lines": [], "start_line": 8}, "": {"executed_lines": [], "summary": {"covered_lines": 0, "num_statements": 30, "percent_covered": 0.0, "percent_covered_display": "0", "missing_lines": 30, "excluded_lines": 0, "percent_statements_covered": 0.0, "percent_statements_covered_display": "0"}, "missing_lines": [3, 5, 8, 11, 19, 34, 47, 89, 108, 125, 138, 151, 177, 196, 213, 228, 241, 278, 297, 314, 327, 340, 353, 393, 422, 439, 460, 475, 488, 520], "excluded_lines": [], "start_line": 1}}}, "src/fortimanager_mcp/api/auth.py": {"executed_lines": [3, 4, 5, 7, 9, 11, 14, 17, 32, 40, 51, 54, 63, 76, 87, 98, 106, 108, 122, 198, 206, 240, 241, 246, 249, 261, 330, 338, 372, 373, 382], "summary": {"covered_lines": 31, "num_statements": 147, "percent_covered": 21.08843537414966, "percent_covered_display": "21", "missing_lines": 116, "excluded_lines": 7, "percent_statements_covered": 21.08843537414966, "percent_statements_covered_display": "21"}, "missing_lines": [60, 61, 73, 74, 82, 95, 116, 117, 118, 119, 120, 135, 138, 145, 146, 151, 152, 154, 155, 156, 158, 160, 161, 162, 163, 164, 165, 169, 170, 172, 174, 175, 180, 181, 183, 184, 185, 187, 188, 189, 191, 192, 193, 194, 195, 196, 204, 214, 215, 217, 219, 227, 228, 233, 234, 235, 236, 238, 243, 256, 257, 258, 259, 274, 276, 291, 292, 297, 298, 301, 302, 304, 305, 307, 308, 309, 312, 313, 314, 316, 317, 318, 320, 321, 322, 323, 324, 325, 326, 327, 328, 336, 346, 347, 349, 351, 359, 360, 365, 366, 367, 368, 370, 379, 404, 405, 406, 408, 409, 410, 414, 415, 417, 418, 419, 421], "excluded_lines": [30, 31, 38, 39, 48, 49, 50], "functions": {"AuthProvider.authenticate": {"executed_lines": [], "summary": {"covered_lines": 0, "num_statements": 0, "percent_covered": 100.0, "percent_covered_display": "100", "missing_lines": 0, "excluded_lines": 1, "percent_statements_covered": 100.0, "percent_statements_covered_display": "100"}, "missing_lines": [], "excluded_lines": [30], "start_line": 17}, "AuthProvider.get_headers": {"executed_lines": [], "summary": {"covered_lines": 0, "num_statements": 0, "percent_covered": 100.0, "percent_covered_display": "100", "missing_lines": 0, "excluded_lines": 1, "percent_statements_covered": 100.0, "percent_statements_covered_display": "100"}, "missing_lines": [], "excluded_lines": [38], "start_line": 32}, "AuthProvider.logout": {"executed_lines": [], "summary": {"covered_lines": 0, "num_statements": 0, "percent_covered": 100.0, "percent_covered_display": "100", "missing_lines": 0, "excluded_lines": 1, "percent_statements_covered": 100.0, "percent_statements_covered_display": "100"}, "missing_lines": [], "excluded_lines": [48], "start_line": 40}, "TokenAuthProvider.__init__": {"executed_lines": [], "summary": {"covered_lines": 0, "num_statements": 2, "percent_covered": 0.0, "percent_covered_display": "0", "missing_lines": 2, "excluded_lines": 0, "percent_statements_covered": 0.0, "percent_statements_covered_display": "0"}, "missing_lines": [60, 61], "excluded_lines": [], "start_line": 54}, "TokenAuthProvider.authenticate": {"executed_lines": [], "summary": {"covered_lines": 0, "num_statements": 2, "percent_covered": 0.0, "percent_covered_display": "0", "missing_lines": 2, "excluded_lines": 0, "percent_statements_covered": 0.0, "percent_statements_covered_display": "0"}, "missing_lines": [73, 74], "excluded_lines": [], "start_line": 63}, "TokenAuthProvider.get_headers": {"executed_lines": [], "summary": {"covered_lines": 0, "num_statements": 1, "percent_covered": 0.0, "percent_covered_display": "0", "missing_lines": 1, "excluded_lines": 0, "percent_statements_covered": 0.0, "percent_statements_covered_display": "0"}, "missing_lines": [82], "excluded_lines": [], "start_line": 76}, "TokenAuthProvider.logout": {"executed_lines": [], "summary": {"covered_lines": 0, "num_statements": 1, "percent_covered": 0.0, "percent_covered_display": "0", "missing_lines": 1, "excluded_lines": 0, "percent_statements_covered": 0.0, "percent_statements_covered_display": "0"}, "missing_lines": [95], "excluded_lines": [], "start_line": 87}, "FortiCloudAuthProvider.__init__": {"executed_lines": [], "summary": {"covered_lines": 0, "num_statements": 5, "percent_covered": 0.0, "percent_covered_display": "0", "missing_lines": 5, "excluded_lines": 0, "percent_statements_covered": 0.0, "percent_statements_covered_display": "0"}, "missing_lines": [116, 117, 118, 119, 120], "excluded_lines": [], "start_line": 108}, "FortiCloudAuthProvider.authenticate": {"executed_lines": [], "summary": {"covered_lines": 0, "num_statements": 35, "percent_covered": 0.0, "percent_covered_display": "0", "missing_lines": 35, "excluded_lines": 0, "percent_statements_covered": 0.0, "percent_statements_covered_display": "0"}, "missing_lines": [135, 138, 145, 146, 151, 152, 154, 155, 156, 158, 160, 161, 162, 163, 164, 165, 169, 170, 172, 174, 175, 180, 181, 183, 184, 185, 187, 188, 189, 191, 192, 193, 194, 195, 196], "excluded_lines": [], "start_line": 122}, "FortiCloudAuthProvider.get_headers": {"executed_lines": [], "summary": {"covered_lines": 0, "num_statements": 1, "percent_covered": 0.0, "percent_covered_display": "0", "missing_lines": 1, "excluded_lines": 0, "percent_statements_covered": 0.0, "percent_statements_covered_display": "0"}, "missing_lines": [204], "excluded_lines": [], "start_line": 198}, "FortiCloudAuthProvider.logout": {"executed_lines": [], "summary": {"covered_lines": 0, "num_statements": 11, "percent_covered": 0.0, "percent_covered_display": "0", "missing_lines": 11, "excluded_lines": 0, "percent_statements_covered": 0.0, "percent_statements_covered_display": "0"}, "missing_lines": [214, 215, 217, 219, 227, 228, 233, 234, 235, 236, 238], "excluded_lines": [], "start_line": 206}, "FortiCloudAuthProvider.session_id": {"executed_lines": [], "summary": {"covered_lines": 0, "num_statements": 1, "percent_covered": 0.0, "percent_covered_display": "0", "missing_lines": 1, "excluded_lines": 0, "percent_statements_covered": 0.0, "percent_statements_covered_display": "0"}, "missing_lines": [243], "excluded_lines": [], "start_line": 241}, "SessionAuthProvider.__init__": {"executed_lines": [], "summary": {"covered_lines": 0, "num_statements": 4, "percent_covered": 0.0, "percent_covered_display": "0", "missing_lines": 4, "excluded_lines": 0, "percent_statements_covered": 0.0, "percent_statements_covered_display": "0"}, "missing_lines": [256, 257, 258, 259], "excluded_lines": [], "start_line": 249}, "SessionAuthProvider.authenticate": {"executed_lines": [], "summary": {"covered_lines": 0, "num_statements": 28, "percent_covered": 0.0, "percent_covered_display": "0", "missing_lines": 28, "excluded_lines": 0, "percent_statements_covered": 0.0, "percent_statements_covered_display": "0"}, "missing_lines": [274, 276, 291, 292, 297, 298, 301, 302, 304, 305, 307, 308, 309, 312, 313, 314, 316, 317, 318, 320, 321, 322, 323, 324, 325, 326, 327, 328], "excluded_lines": [], "start_line": 261}, "SessionAuthProvider.get_headers": {"executed_lines": [], "summary": {"covered_lines": 0, "num_statements": 1, "percent_covered": 0.0, "percent_covered_display": "0", "missing_lines": 1, "excluded_lines": 0, "percent_statements_covered": 0.0, "percent_statements_covered_display": "0"}, "missing_lines": [336], "excluded_lines": [], "start_line": 330}, "SessionAuthProvider.logout": {"executed_lines": [], "summary": {"covered_lines": 0, "num_statements": 11, "percent_covered": 0.0, "percent_covered_display": "0", "missing_lines": 11, "excluded_lines": 0, "percent_statements_covered": 0.0, "percent_statements_covered_display": "0"}, "missing_lines": [346, 347, 349, 351, 359, 360, 365, 366, 367, 368, 370], "excluded_lines": [], "start_line": 338}, "SessionAuthProvider.session_id": {"executed_lines": [], "summary": {"covered_lines": 0, "num_statements": 1, "percent_covered": 0.0, "percent_covered_display": "0", "missing_lines": 1, "excluded_lines": 0, "percent_statements_covered": 0.0, "percent_statements_covered_display": "0"}, "missing_lines": [379], "excluded_lines": [], "start_line": 373}, "create_auth_provider": {"executed_lines": [], "summary": {"covered_lines": 0, "num_statements": 12, "percent_covered": 0.0, "percent_covered_display": "0", "missing_lines": 12, "excluded_lines": 0, "percent_statements_covered": 0.0, "percent_statements_covered_display": "0"}, "missing_lines": [404, 405, 406, 408, 409, 410, 414, 415, 417, 418, 419, 421], "excluded_lines": [], "start_line": 382}, "": {"executed_lines": [3, 4, 5, 7, 9, 11, 14, 17, 32, 40, 51, 54, 63, 76, 87, 98, 106, 108, 122, 198, 206, 240, 241, 246, 249, 261, 330, 338, 372, 373, 382], "summary": {"covered_lines": 31, "num_statements": 31, "percent_covered": 100.0, "percent_covered_display": "100", "missing_lines": 0, "excluded_lines": 4, "percent_statements_covered": 100.0, "percent_statements_covered_display": "100"}, "missing_lines": [], "excluded_lines": [31, 39, 49, 50], "start_line": 1}}, "classes": {"AuthProvider": {"executed_lines": [], "summary": {"covered_lines": 0, "num_statements": 0, "percent_covered": 100.0, "percent_covered_display": "100", "missing_lines": 0, "excluded_lines": 3, "percent_statements_covered": 100.0, "percent_statements_covered_display": "100"}, "missing_lines": [], "excluded_lines": [30, 38, 48], "start_line": 14}, "TokenAuthProvider": {"executed_lines": [], "summary": {"covered_lines": 0, "num_statements": 6, "percent_covered": 0.0, "percent_covered_display": "0", "missing_lines": 6, "excluded_lines": 0, "percent_statements_covered": 0.0, "percent_statements_covered_display": "0"}, "missing_lines": [60, 61, 73, 74, 82, 95], "excluded_lines": [], "start_line": 51}, "FortiCloudAuthProvider": {"executed_lines": [], "summary": {"covered_lines": 0, "num_statements": 53, "percent_covered": 0.0, "percent_covered_display": "0", "missing_lines": 53, "excluded_lines": 0, "percent_statements_covered": 0.0, "percent_statements_covered_display": "0"}, "missing_lines": [116, 117, 118, 119, 120, 135, 138, 145, 146, 151, 152, 154, 155, 156, 158, 160, 161, 162, 163, 164, 165, 169, 170, 172, 174, 175, 180, 181, 183, 184, 185, 187, 188, 189, 191, 192, 193, 194, 195, 196, 204, 214, 215, 217, 219, 227, 228, 233, 234, 235, 236, 238, 243], "excluded_lines": [], "start_line": 98}, "SessionAuthProvider": {"executed_lines": [], "summary": {"covered_lines": 0, "num_statements": 45, "percent_covered": 0.0, "percent_covered_display": "0", "missing_lines": 45, "excluded_lines": 0, "percent_statements_covered": 0.0, "percent_statements_covered_display": "0"}, "missing_lines": [256, 257, 258, 259, 274, 276, 291, 292, 297, 298, 301, 302, 304, 305, 307, 308, 309, 312, 313, 314, 316, 317, 318, 320, 321, 322, 323, 324, 325, 326, 327, 328, 336, 346, 347, 349, 351, 359, 360, 365, 366, 367, 368, 370, 379], "excluded_lines": [], "start_line": 246}, "": {"executed_lines": [3, 4, 5, 7, 9, 11, 14, 17, 32, 40, 51, 54, 63, 76, 87, 98, 106, 108, 122, 198, 206, 240, 241, 246, 249, 261, 330, 338, 372, 373, 382], "summary": {"covered_lines": 31, "num_statements": 43, "percent_covered": 72.09302325581395, "percent_covered_display": "72", "missing_lines": 12, "excluded_lines": 4, "percent_statements_covered": 72.09302325581395, "percent_statements_covered_display": "72"}, "missing_lines": [404, 405, 406, 408, 409, 410, 414, 415, 417, 418, 419, 421], "excluded_lines": [31, 39, 49, 50], "start_line": 1}}}, "src/fortimanager_mcp/api/client.py": {"executed_lines": [3, 4, 6, 8, 9, 10, 11, 18, 21, 31, 81, 82, 103, 131, 154, 159, 163, 172, 251, 296, 321, 342, 355, 374, 398, 411, 425], "summary": {"covered_lines": 27, "num_statements": 119, "percent_covered": 22.689075630252102, "percent_covered_display": "23", "missing_lines": 92, "excluded_lines": 0, "percent_statements_covered": 22.689075630252102, "percent_statements_covered_display": "23"}, "missing_lines": [59, 60, 61, 62, 63, 66, 75, 76, 77, 79, 91, 110, 111, 112, 114, 117, 124, 125, 126, 127, 128, 129, 133, 134, 135, 137, 139, 142, 143, 144, 145, 146, 148, 151, 152, 156, 157, 161, 169, 170, 195, 196, 199, 200, 201, 202, 203, 206, 214, 215, 218, 220, 221, 226, 227, 230, 233, 234, 235, 236, 238, 239, 241, 242, 243, 244, 245, 246, 247, 248, 249, 287, 288, 289, 290, 291, 293, 294, 318, 319, 339, 340, 353, 371, 372, 395, 396, 409, 422, 423, 443, 444], "excluded_lines": [], "functions": {"FortiManagerClient.__init__": {"executed_lines": [], "summary": {"covered_lines": 0, "num_statements": 10, "percent_covered": 0.0, "percent_covered_display": "0", "missing_lines": 10, "excluded_lines": 0, "percent_statements_covered": 0.0, "percent_statements_covered_display": "0"}, "missing_lines": [59, 60, 61, 62, 63, 66, 75, 76, 77, 79], "excluded_lines": [], "start_line": 31}, "FortiManagerClient.from_settings": {"executed_lines": [], "summary": {"covered_lines": 0, "num_statements": 1, "percent_covered": 0.0, "percent_covered_display": "0", "missing_lines": 1, "excluded_lines": 0, "percent_statements_covered": 0.0, "percent_statements_covered_display": "0"}, "missing_lines": [91], "excluded_lines": [], "start_line": 82}, "FortiManagerClient.connect": {"executed_lines": [], "summary": {"covered_lines": 0, "num_statements": 11, "percent_covered": 0.0, "percent_covered_display": "0", "missing_lines": 11, "excluded_lines": 0, "percent_statements_covered": 0.0, "percent_statements_covered_display": "0"}, "missing_lines": [110, 111, 112, 114, 117, 124, 125, 126, 127, 128, 129], "excluded_lines": [], "start_line": 103}, "FortiManagerClient.disconnect": {"executed_lines": [], "summary": {"covered_lines": 0, "num_statements": 13, "percent_covered": 0.0, "percent_covered_display": "0", "missing_lines": 13, "excluded_lines": 0, "percent_statements_covered": 0.0, "percent_statements_covered_display": "0"}, "missing_lines": [133, 134, 135, 137, 139, 142, 143, 144, 145, 146, 148, 151, 152], "excluded_lines": [], "start_line": 131}, "FortiManagerClient.__aenter__": {"executed_lines": [], "summary": {"covered_lines": 0, "num_statements": 2, "percent_covered": 0.0, "percent_covered_display": "0", "missing_lines": 2, "excluded_lines": 0, "percent_statements_covered": 0.0, "percent_statements_covered_display": "0"}, "missing_lines": [156, 157], "excluded_lines": [], "start_line": 154}, "FortiManagerClient.__aexit__": {"executed_lines": [], "summary": {"covered_lines": 0, "num_statements": 1, "percent_covered": 0.0, "percent_covered_display": "0", "missing_lines": 1, "excluded_lines": 0, "percent_statements_covered": 0.0, "percent_statements_covered_display": "0"}, "missing_lines": [161], "excluded_lines": [], "start_line": 159}, "FortiManagerClient._get_next_request_id": {"executed_lines": [], "summary": {"covered_lines": 0, "num_statements": 2, "percent_covered": 0.0, "percent_covered_display": "0", "missing_lines": 2, "excluded_lines": 0, "percent_statements_covered": 0.0, "percent_statements_covered_display": "0"}, "missing_lines": [169, 170], "excluded_lines": [], "start_line": 163}, "FortiManagerClient._request": {"executed_lines": [], "summary": {"covered_lines": 0, "num_statements": 31, "percent_covered": 0.0, "percent_covered_display": "0", "missing_lines": 31, "excluded_lines": 0, "percent_statements_covered": 0.0, "percent_statements_covered_display": "0"}, "missing_lines": [195, 196, 199, 200, 201, 202, 203, 206, 214, 215, 218, 220, 221, 226, 227, 230, 233, 234, 235, 236, 238, 239, 241, 242, 243, 244, 245, 246, 247, 248, 249], "excluded_lines": [], "start_line": 172}, "FortiManagerClient.get": {"executed_lines": [], "summary": {"covered_lines": 0, "num_statements": 7, "percent_covered": 0.0, "percent_covered_display": "0", "missing_lines": 7, "excluded_lines": 0, "percent_statements_covered": 0.0, "percent_statements_covered_display": "0"}, "missing_lines": [287, 288, 289, 290, 291, 293, 294], "excluded_lines": [], "start_line": 251}, "FortiManagerClient.add": {"executed_lines": [], "summary": {"covered_lines": 0, "num_statements": 2, "percent_covered": 0.0, "percent_covered_display": "0", "missing_lines": 2, "excluded_lines": 0, "percent_statements_covered": 0.0, "percent_statements_covered_display": "0"}, "missing_lines": [318, 319], "excluded_lines": [], "start_line": 296}, "FortiManagerClient.set": {"executed_lines": [], "summary": {"covered_lines": 0, "num_statements": 2, "percent_covered": 0.0, "percent_covered_display": "0", "missing_lines": 2, "excluded_lines": 0, "percent_statements_covered": 0.0, "percent_statements_covered_display": "0"}, "missing_lines": [339, 340], "excluded_lines": [], "start_line": 321}, "FortiManagerClient.update": {"executed_lines": [], "summary": {"covered_lines": 0, "num_statements": 1, "percent_covered": 0.0, "percent_covered_display": "0", "missing_lines": 1, "excluded_lines": 0, "percent_statements_covered": 0.0, "percent_statements_covered_display": "0"}, "missing_lines": [353], "excluded_lines": [], "start_line": 342}, "FortiManagerClient.delete": {"executed_lines": [], "summary": {"covered_lines": 0, "num_statements": 2, "percent_covered": 0.0, "percent_covered_display": "0", "missing_lines": 2, "excluded_lines": 0, "percent_statements_covered": 0.0, "percent_statements_covered_display": "0"}, "missing_lines": [371, 372], "excluded_lines": [], "start_line": 355}, "FortiManagerClient.execute": {"executed_lines": [], "summary": {"covered_lines": 0, "num_statements": 2, "percent_covered": 0.0, "percent_covered_display": "0", "missing_lines": 2, "excluded_lines": 0, "percent_statements_covered": 0.0, "percent_statements_covered_display": "0"}, "missing_lines": [395, 396], "excluded_lines": [], "start_line": 374}, "FortiManagerClient.exec": {"executed_lines": [], "summary": {"covered_lines": 0, "num_statements": 1, "percent_covered": 0.0, "percent_covered_display": "0", "missing_lines": 1, "excluded_lines": 0, "percent_statements_covered": 0.0, "percent_statements_covered_display": "0"}, "missing_lines": [409], "excluded_lines": [], "start_line": 398}, "FortiManagerClient.clone": {"executed_lines": [], "summary": {"covered_lines": 0, "num_statements": 2, "percent_covered": 0.0, "percent_covered_display": "0", "missing_lines": 2, "excluded_lines": 0, "percent_statements_covered": 0.0, "percent_statements_covered_display": "0"}, "missing_lines": [422, 423], "excluded_lines": [], "start_line": 411}, "FortiManagerClient.move": {"executed_lines": [], "summary": {"covered_lines": 0, "num_statements": 2, "percent_covered": 0.0, "percent_covered_display": "0", "missing_lines": 2, "excluded_lines": 0, "percent_statements_covered": 0.0, "percent_statements_covered_display": "0"}, "missing_lines": [443, 444], "excluded_lines": [], "start_line": 425}, "": {"executed_lines": [3, 4, 6, 8, 9, 10, 11, 18, 21, 31, 81, 82, 103, 131, 154, 159, 163, 172, 251, 296, 321, 342, 355, 374, 398, 411, 425], "summary": {"covered_lines": 27, "num_statements": 27, "percent_covered": 100.0, "percent_covered_display": "100", "missing_lines": 0, "excluded_lines": 0, "percent_statements_covered": 100.0, "percent_statements_covered_display": "100"}, "missing_lines": [], "excluded_lines": [], "start_line": 1}}, "classes": {"FortiManagerClient": {"executed_lines": [], "summary": {"covered_lines": 0, "num_statements": 92, "percent_covered": 0.0, "percent_covered_display": "0", "missing_lines": 92, "excluded_lines": 0, "percent_statements_covered": 0.0, "percent_statements_covered_display": "0"}, "missing_lines": [59, 60, 61, 62, 63, 66, 75, 76, 77, 79, 91, 110, 111, 112, 114, 117, 124, 125, 126, 127, 128, 129, 133, 134, 135, 137, 139, 142, 143, 144, 145, 146, 148, 151, 152, 156, 157, 161, 169, 170, 195, 196, 199, 200, 201, 202, 203, 206, 214, 215, 218, 220, 221, 226, 227, 230, 233, 234, 235, 236, 238, 239, 241, 242, 243, 244, 245, 246, 247, 248, 249, 287, 288, 289, 290, 291, 293, 294, 318, 319, 339, 340, 353, 371, 372, 395, 396, 409, 422, 423, 443, 444], "excluded_lines": [], "start_line": 21}, "": {"executed_lines": [3, 4, 6, 8, 9, 10, 11, 18, 21, 31, 81, 82, 103, 131, 154, 159, 163, 172, 251, 296, 321, 342, 355, 374, 398, 411, 425], "summary": {"covered_lines": 27, "num_statements": 27, "percent_covered": 100.0, "percent_covered_display": "100", "missing_lines": 0, "excluded_lines": 0, "percent_statements_covered": 100.0, "percent_statements_covered_display": "100"}, "missing_lines": [], "excluded_lines": [], "start_line": 1}}}, "src/fortimanager_mcp/api/connectors.py": {"executed_lines": [], "summary": {"covered_lines": 0, "num_statements": 47, "percent_covered": 0.0, "percent_covered_display": "0", "missing_lines": 47, "excluded_lines": 0, "percent_statements_covered": 0.0, "percent_statements_covered_display": "0"}, "missing_lines": [3, 4, 6, 9, 15, 21, 27, 45, 46, 47, 49, 63, 64, 65, 67, 81, 82, 84, 98, 99, 100, 106, 120, 121, 122, 124, 138, 139, 140, 146, 164, 165, 166, 168, 182, 183, 184, 190, 206, 207, 209, 225, 226, 228, 245, 246, 247], "excluded_lines": [], "functions": {"ConnectorAPI.__init__": {"executed_lines": [], "summary": {"covered_lines": 0, "num_statements": 1, "percent_covered": 0.0, "percent_covered_display": "0", "missing_lines": 1, "excluded_lines": 0, "percent_statements_covered": 0.0, "percent_statements_covered_display": "0"}, "missing_lines": [21], "excluded_lines": [], "start_line": 15}, "ConnectorAPI.list_sdn_connectors": {"executed_lines": [], "summary": {"covered_lines": 0, "num_statements": 3, "percent_covered": 0.0, "percent_covered_display": "0", "missing_lines": 3, "excluded_lines": 0, "percent_statements_covered": 0.0, "percent_statements_covered_display": "0"}, "missing_lines": [45, 46, 47], "excluded_lines": [], "start_line": 27}, "ConnectorAPI.get_sdn_connector": {"executed_lines": [], "summary": {"covered_lines": 0, "num_statements": 3, "percent_covered": 0.0, "percent_covered_display": "0", "missing_lines": 3, "excluded_lines": 0, "percent_statements_covered": 0.0, "percent_statements_covered_display": "0"}, "missing_lines": [63, 64, 65], "excluded_lines": [], "start_line": 49}, "ConnectorAPI.refresh_sdn_connector": {"executed_lines": [], "summary": {"covered_lines": 0, "num_statements": 2, "percent_covered": 0.0, "percent_covered_display": "0", "missing_lines": 2, "excluded_lines": 0, "percent_statements_covered": 0.0, "percent_statements_covered_display": "0"}, "missing_lines": [81, 82], "excluded_lines": [], "start_line": 67}, "ConnectorAPI.get_sdn_connector_status": {"executed_lines": [], "summary": {"covered_lines": 0, "num_statements": 3, "percent_covered": 0.0, "percent_covered_display": "0", "missing_lines": 3, "excluded_lines": 0, "percent_statements_covered": 0.0, "percent_statements_covered_display": "0"}, "missing_lines": [98, 99, 100], "excluded_lines": [], "start_line": 84}, "ConnectorAPI.list_cloud_connectors": {"executed_lines": [], "summary": {"covered_lines": 0, "num_statements": 3, "percent_covered": 0.0, "percent_covered_display": "0", "missing_lines": 3, "excluded_lines": 0, "percent_statements_covered": 0.0, "percent_statements_covered_display": "0"}, "missing_lines": [120, 121, 122], "excluded_lines": [], "start_line": 106}, "ConnectorAPI.get_cloud_connector_services": {"executed_lines": [], "summary": {"covered_lines": 0, "num_statements": 3, "percent_covered": 0.0, "percent_covered_display": "0", "missing_lines": 3, "excluded_lines": 0, "percent_statements_covered": 0.0, "percent_statements_covered_display": "0"}, "missing_lines": [138, 139, 140], "excluded_lines": [], "start_line": 124}, "ConnectorAPI.list_fabric_connectors": {"executed_lines": [], "summary": {"covered_lines": 0, "num_statements": 3, "percent_covered": 0.0, "percent_covered_display": "0", "missing_lines": 3, "excluded_lines": 0, "percent_statements_covered": 0.0, "percent_statements_covered_display": "0"}, "missing_lines": [164, 165, 166], "excluded_lines": [], "start_line": 146}, "ConnectorAPI.get_fabric_connector_devices": {"executed_lines": [], "summary": {"covered_lines": 0, "num_statements": 3, "percent_covered": 0.0, "percent_covered_display": "0", "missing_lines": 3, "excluded_lines": 0, "percent_statements_covered": 0.0, "percent_statements_covered_display": "0"}, "missing_lines": [182, 183, 184], "excluded_lines": [], "start_line": 168}, "ConnectorAPI.test_connector_connectivity": {"executed_lines": [], "summary": {"covered_lines": 0, "num_statements": 2, "percent_covered": 0.0, "percent_covered_display": "0", "missing_lines": 2, "excluded_lines": 0, "percent_statements_covered": 0.0, "percent_statements_covered_display": "0"}, "missing_lines": [206, 207], "excluded_lines": [], "start_line": 190}, "ConnectorAPI.sync_connector_objects": {"executed_lines": [], "summary": {"covered_lines": 0, "num_statements": 2, "percent_covered": 0.0, "percent_covered_display": "0", "missing_lines": 2, "excluded_lines": 0, "percent_statements_covered": 0.0, "percent_statements_covered_display": "0"}, "missing_lines": [225, 226], "excluded_lines": [], "start_line": 209}, "ConnectorAPI.get_connector_route_table": {"executed_lines": [], "summary": {"covered_lines": 0, "num_statements": 3, "percent_covered": 0.0, "percent_covered_display": "0", "missing_lines": 3, "excluded_lines": 0, "percent_statements_covered": 0.0, "percent_statements_covered_display": "0"}, "missing_lines": [245, 246, 247], "excluded_lines": [], "start_line": 228}, "": {"executed_lines": [], "summary": {"covered_lines": 0, "num_statements": 16, "percent_covered": 0.0, "percent_covered_display": "0", "missing_lines": 16, "excluded_lines": 0, "percent_statements_covered": 0.0, "percent_statements_covered_display": "0"}, "missing_lines": [3, 4, 6, 9, 15, 27, 49, 67, 84, 106, 124, 146, 168, 190, 209, 228], "excluded_lines": [], "start_line": 1}}, "classes": {"ConnectorAPI": {"executed_lines": [], "summary": {"covered_lines": 0, "num_statements": 31, "percent_covered": 0.0, "percent_covered_display": "0", "missing_lines": 31, "excluded_lines": 0, "percent_statements_covered": 0.0, "percent_statements_covered_display": "0"}, "missing_lines": [21, 45, 46, 47, 63, 64, 65, 81, 82, 98, 99, 100, 120, 121, 122, 138, 139, 140, 164, 165, 166, 182, 183, 184, 206, 207, 225, 226, 245, 246, 247], "excluded_lines": [], "start_line": 9}, "": {"executed_lines": [], "summary": {"covered_lines": 0, "num_statements": 16, "percent_covered": 0.0, "percent_covered_display": "0", "missing_lines": 16, "excluded_lines": 0, "percent_statements_covered": 0.0, "percent_statements_covered_display": "0"}, "missing_lines": [3, 4, 6, 9, 15, 27, 49, 67, 84, 106, 124, 146, 168, 190, 209, 228], "excluded_lines": [], "start_line": 1}}}, "src/fortimanager_mcp/api/csf.py": {"executed_lines": [], "summary": {"covered_lines": 0, "num_statements": 18, "percent_covered": 0.0, "percent_covered_display": "0", "missing_lines": 18, "excluded_lines": 0, "percent_statements_covered": 0.0, "percent_statements_covered_display": "0"}, "missing_lines": [3, 4, 6, 9, 15, 21, 27, 42, 43, 44, 46, 61, 62, 63, 65, 81, 82, 83], "excluded_lines": [], "functions": {"CSFAPI.__init__": {"executed_lines": [], "summary": {"covered_lines": 0, "num_statements": 1, "percent_covered": 0.0, "percent_covered_display": "0", "missing_lines": 1, "excluded_lines": 0, "percent_statements_covered": 0.0, "percent_statements_covered_display": "0"}, "missing_lines": [21], "excluded_lines": [], "start_line": 15}, "CSFAPI.get_fabric_topology": {"executed_lines": [], "summary": {"covered_lines": 0, "num_statements": 3, "percent_covered": 0.0, "percent_covered_display": "0", "missing_lines": 3, "excluded_lines": 0, "percent_statements_covered": 0.0, "percent_statements_covered_display": "0"}, "missing_lines": [42, 43, 44], "excluded_lines": [], "start_line": 27}, "CSFAPI.list_fabric_devices": {"executed_lines": [], "summary": {"covered_lines": 0, "num_statements": 3, "percent_covered": 0.0, "percent_covered_display": "0", "missing_lines": 3, "excluded_lines": 0, "percent_statements_covered": 0.0, "percent_statements_covered_display": "0"}, "missing_lines": [61, 62, 63], "excluded_lines": [], "start_line": 46}, "CSFAPI.get_fabric_authorization_status": {"executed_lines": [], "summary": {"covered_lines": 0, "num_statements": 3, "percent_covered": 0.0, "percent_covered_display": "0", "missing_lines": 3, "excluded_lines": 0, "percent_statements_covered": 0.0, "percent_statements_covered_display": "0"}, "missing_lines": [81, 82, 83], "excluded_lines": [], "start_line": 65}, "": {"executed_lines": [], "summary": {"covered_lines": 0, "num_statements": 8, "percent_covered": 0.0, "percent_covered_display": "0", "missing_lines": 8, "excluded_lines": 0, "percent_statements_covered": 0.0, "percent_statements_covered_display": "0"}, "missing_lines": [3, 4, 6, 9, 15, 27, 46, 65], "excluded_lines": [], "start_line": 1}}, "classes": {"CSFAPI": {"executed_lines": [], "summary": {"covered_lines": 0, "num_statements": 10, "percent_covered": 0.0, "percent_covered_display": "0", "missing_lines": 10, "excluded_lines": 0, "percent_statements_covered": 0.0, "percent_statements_covered_display": "0"}, "missing_lines": [21, 42, 43, 44, 61, 62, 63, 81, 82, 83], "excluded_lines": [], "start_line": 9}, "": {"executed_lines": [], "summary": {"covered_lines": 0, "num_statements": 8, "percent_covered": 0.0, "percent_covered_display": "0", "missing_lines": 8, "excluded_lines": 0, "percent_statements_covered": 0.0, "percent_statements_covered_display": "0"}, "missing_lines": [3, 4, 6, 9, 15, 27, 46, 65], "excluded_lines": [], "start_line": 1}}}, "src/fortimanager_mcp/api/dbcache.py": {"executed_lines": [], "summary": {"covered_lines": 0, "num_statements": 11, "percent_covered": 0.0, "percent_covered_display": "0", "missing_lines": 11, "excluded_lines": 0, "percent_statements_covered": 0.0, "percent_statements_covered_display": "0"}, "missing_lines": [3, 5, 8, 11, 17, 19, 34, 35, 37, 51, 52], "excluded_lines": [], "functions": {"DBCacheAPI.__init__": {"executed_lines": [], "summary": {"covered_lines": 0, "num_statements": 1, "percent_covered": 0.0, "percent_covered_display": "0", "missing_lines": 1, "excluded_lines": 0, "percent_statements_covered": 0.0, "percent_statements_covered_display": "0"}, "missing_lines": [17], "excluded_lines": [], "start_line": 11}, "DBCacheAPI.clear_db_cache": {"executed_lines": [], "summary": {"covered_lines": 0, "num_statements": 2, "percent_covered": 0.0, "percent_covered_display": "0", "missing_lines": 2, "excluded_lines": 0, "percent_statements_covered": 0.0, "percent_statements_covered_display": "0"}, "missing_lines": [34, 35], "excluded_lines": [], "start_line": 19}, "DBCacheAPI.get_db_cache_status": {"executed_lines": [], "summary": {"covered_lines": 0, "num_statements": 2, "percent_covered": 0.0, "percent_covered_display": "0", "missing_lines": 2, "excluded_lines": 0, "percent_statements_covered": 0.0, "percent_statements_covered_display": "0"}, "missing_lines": [51, 52], "excluded_lines": [], "start_line": 37}, "": {"executed_lines": [], "summary": {"covered_lines": 0, "num_statements": 6, "percent_covered": 0.0, "percent_covered_display": "0", "missing_lines": 6, "excluded_lines": 0, "percent_statements_covered": 0.0, "percent_statements_covered_display": "0"}, "missing_lines": [3, 5, 8, 11, 19, 37], "excluded_lines": [], "start_line": 1}}, "classes": {"DBCacheAPI": {"executed_lines": [], "summary": {"covered_lines": 0, "num_statements": 5, "percent_covered": 0.0, "percent_covered_display": "0", "missing_lines": 5, "excluded_lines": 0, "percent_statements_covered": 0.0, "percent_statements_covered_display": "0"}, "missing_lines": [17, 34, 35, 51, 52], "excluded_lines": [], "start_line": 8}, "": {"executed_lines": [], "summary": {"covered_lines": 0, "num_statements": 6, "percent_covered": 0.0, "percent_covered_display": "0", "missing_lines": 6, "excluded_lines": 0, "percent_statements_covered": 0.0, "percent_statements_covered_display": "0"}, "missing_lines": [3, 5, 8, 11, 19, 37], "excluded_lines": [], "start_line": 1}}}, "src/fortimanager_mcp/api/devices.py": {"executed_lines": [3, 5, 6, 9, 12, 20, 46, 60, 98, 112, 141, 172, 205, 243, 263, 284, 307, 321, 355, 373, 382, 397, 406, 447, 465, 489, 516, 539, 552, 569, 591, 610, 627, 649, 667, 689, 706, 725, 755, 775, 791, 817, 840, 858, 877, 894, 917, 940, 965, 1015, 1034, 1054, 1085, 1109, 1127, 1146, 1171, 1192, 1205, 1225, 1246, 1277, 1303, 1328, 1353, 1372, 1396, 1424, 1443, 1469, 1490, 1509, 1527, 1544, 1567, 1594, 1611, 1629, 1647, 1664], "summary": {"covered_lines": 80, "num_statements": 317, "percent_covered": 25.236593059936908, "percent_covered_display": "25", "missing_lines": 237, "excluded_lines": 0, "percent_statements_covered": 25.236593059936908, "percent_statements_covered_display": "25"}, "missing_lines": [18, 36, 37, 38, 40, 41, 42, 44, 56, 57, 58, 82, 95, 96, 105, 110, 130, 131, 132, 133, 134, 135, 137, 139, 161, 162, 163, 164, 165, 166, 168, 170, 190, 196, 197, 199, 229, 241, 259, 260, 261, 277, 282, 296, 302, 303, 304, 305, 313, 319, 339, 344, 345, 346, 348, 353, 369, 370, 371, 379, 380, 391, 403, 404, 430, 445, 456, 458, 463, 480, 481, 483, 484, 485, 487, 503, 504, 506, 507, 508, 510, 532, 533, 534, 536, 537, 548, 549, 550, 566, 567, 587, 588, 589, 607, 608, 624, 625, 641, 642, 643, 663, 664, 665, 685, 686, 687, 703, 704, 720, 721, 722, 723, 743, 749, 769, 773, 787, 788, 789, 809, 815, 831, 832, 833, 834, 854, 855, 856, 874, 875, 891, 892, 910, 915, 933, 938, 954, 959, 989, 1013, 1029, 1030, 1031, 1032, 1048, 1052, 1072, 1073, 1075, 1076, 1083, 1099, 1100, 1123, 1124, 1125, 1143, 1144, 1162, 1163, 1164, 1165, 1167, 1168, 1169, 1189, 1190, 1201, 1202, 1203, 1221, 1222, 1223, 1239, 1240, 1266, 1267, 1274, 1275, 1295, 1297, 1298, 1299, 1300, 1301, 1321, 1322, 1323, 1324, 1325, 1326, 1346, 1350, 1351, 1369, 1370, 1386, 1390, 1416, 1421, 1422, 1440, 1441, 1459, 1460, 1462, 1467, 1483, 1487, 1488, 1506, 1507, 1523, 1524, 1525, 1541, 1542, 1558, 1561, 1562, 1564, 1565, 1583, 1588, 1608, 1609, 1625, 1626, 1627, 1643, 1644, 1645, 1661, 1662, 1678, 1679], "excluded_lines": [], "functions": {"DeviceAPI.__init__": {"executed_lines": [], "summary": {"covered_lines": 0, "num_statements": 1, "percent_covered": 0.0, "percent_covered_display": "0", "missing_lines": 1, "excluded_lines": 0, "percent_statements_covered": 0.0, "percent_statements_covered_display": "0"}, "missing_lines": [18], "excluded_lines": [], "start_line": 12}, "DeviceAPI.list_devices": {"executed_lines": [], "summary": {"covered_lines": 0, "num_statements": 7, "percent_covered": 0.0, "percent_covered_display": "0", "missing_lines": 7, "excluded_lines": 0, "percent_statements_covered": 0.0, "percent_statements_covered_display": "0"}, "missing_lines": [36, 37, 38, 40, 41, 42, 44], "excluded_lines": [], "start_line": 20}, "DeviceAPI.get_device": {"executed_lines": [], "summary": {"covered_lines": 0, "num_statements": 3, "percent_covered": 0.0, "percent_covered_display": "0", "missing_lines": 3, "excluded_lines": 0, "percent_statements_covered": 0.0, "percent_statements_covered_display": "0"}, "missing_lines": [56, 57, 58], "excluded_lines": [], "start_line": 46}, "DeviceAPI.add_device": {"executed_lines": [], "summary": {"covered_lines": 0, "num_statements": 3, "percent_covered": 0.0, "percent_covered_display": "0", "missing_lines": 3, "excluded_lines": 0, "percent_statements_covered": 0.0, "percent_statements_covered_display": "0"}, "missing_lines": [82, 95, 96], "excluded_lines": [], "start_line": 60}, "DeviceAPI.delete_device": {"executed_lines": [], "summary": {"covered_lines": 0, "num_statements": 2, "percent_covered": 0.0, "percent_covered_display": "0", "missing_lines": 2, "excluded_lines": 0, "percent_statements_covered": 0.0, "percent_statements_covered_display": "0"}, "missing_lines": [105, 110], "excluded_lines": [], "start_line": 98}, "DeviceAPI.get_device_config": {"executed_lines": [], "summary": {"covered_lines": 0, "num_statements": 8, "percent_covered": 0.0, "percent_covered_display": "0", "missing_lines": 8, "excluded_lines": 0, "percent_statements_covered": 0.0, "percent_statements_covered_display": "0"}, "missing_lines": [130, 131, 132, 133, 134, 135, 137, 139], "excluded_lines": [], "start_line": 112}, "DeviceAPI.set_device_config": {"executed_lines": [], "summary": {"covered_lines": 0, "num_statements": 8, "percent_covered": 0.0, "percent_covered_display": "0", "missing_lines": 8, "excluded_lines": 0, "percent_statements_covered": 0.0, "percent_statements_covered_display": "0"}, "missing_lines": [161, 162, 163, 164, 165, 166, 168, 170], "excluded_lines": [], "start_line": 141}, "DeviceAPI.install_device_settings": {"executed_lines": [], "summary": {"covered_lines": 0, "num_statements": 4, "percent_covered": 0.0, "percent_covered_display": "0", "missing_lines": 4, "excluded_lines": 0, "percent_statements_covered": 0.0, "percent_statements_covered_display": "0"}, "missing_lines": [190, 196, 197, 199], "excluded_lines": [], "start_line": 172}, "DeviceAPI.add_real_device": {"executed_lines": [], "summary": {"covered_lines": 0, "num_statements": 2, "percent_covered": 0.0, "percent_covered_display": "0", "missing_lines": 2, "excluded_lines": 0, "percent_statements_covered": 0.0, "percent_statements_covered_display": "0"}, "missing_lines": [229, 241], "excluded_lines": [], "start_line": 205}, "DeviceAPI.rename_device": {"executed_lines": [], "summary": {"covered_lines": 0, "num_statements": 3, "percent_covered": 0.0, "percent_covered_display": "0", "missing_lines": 3, "excluded_lines": 0, "percent_statements_covered": 0.0, "percent_statements_covered_display": "0"}, "missing_lines": [259, 260, 261], "excluded_lines": [], "start_line": 243}, "DeviceAPI.refresh_device": {"executed_lines": [], "summary": {"covered_lines": 0, "num_statements": 2, "percent_covered": 0.0, "percent_covered_display": "0", "missing_lines": 2, "excluded_lines": 0, "percent_statements_covered": 0.0, "percent_statements_covered_display": "0"}, "missing_lines": [277, 282], "excluded_lines": [], "start_line": 263}, "DeviceAPI.get_device_oid": {"executed_lines": [], "summary": {"covered_lines": 0, "num_statements": 5, "percent_covered": 0.0, "percent_covered_display": "0", "missing_lines": 5, "excluded_lines": 0, "percent_statements_covered": 0.0, "percent_statements_covered_display": "0"}, "missing_lines": [296, 302, 303, 304, 305], "excluded_lines": [], "start_line": 284}, "DeviceAPI.get_unauthorized_devices": {"executed_lines": [], "summary": {"covered_lines": 0, "num_statements": 2, "percent_covered": 0.0, "percent_covered_display": "0", "missing_lines": 2, "excluded_lines": 0, "percent_statements_covered": 0.0, "percent_statements_covered_display": "0"}, "missing_lines": [313, 319], "excluded_lines": [], "start_line": 307}, "DeviceAPI.authorize_device": {"executed_lines": [], "summary": {"covered_lines": 0, "num_statements": 6, "percent_covered": 0.0, "percent_covered_display": "0", "missing_lines": 6, "excluded_lines": 0, "percent_statements_covered": 0.0, "percent_statements_covered_display": "0"}, "missing_lines": [339, 344, 345, 346, 348, 353], "excluded_lines": [], "start_line": 321}, "DeviceAPI.change_device_serial_number": {"executed_lines": [], "summary": {"covered_lines": 0, "num_statements": 3, "percent_covered": 0.0, "percent_covered_display": "0", "missing_lines": 3, "excluded_lines": 0, "percent_statements_covered": 0.0, "percent_statements_covered_display": "0"}, "missing_lines": [369, 370, 371], "excluded_lines": [], "start_line": 355}, "DeviceAPI.get_available_timezones": {"executed_lines": [], "summary": {"covered_lines": 0, "num_statements": 2, "percent_covered": 0.0, "percent_covered_display": "0", "missing_lines": 2, "excluded_lines": 0, "percent_statements_covered": 0.0, "percent_statements_covered_display": "0"}, "missing_lines": [379, 380], "excluded_lines": [], "start_line": 373}, "DeviceAPI.get_full_device_db_syntax": {"executed_lines": [], "summary": {"covered_lines": 0, "num_statements": 1, "percent_covered": 0.0, "percent_covered_display": "0", "missing_lines": 1, "excluded_lines": 0, "percent_statements_covered": 0.0, "percent_statements_covered_display": "0"}, "missing_lines": [391], "excluded_lines": [], "start_line": 382}, "DeviceAPI.get_supported_model_devices": {"executed_lines": [], "summary": {"covered_lines": 0, "num_statements": 2, "percent_covered": 0.0, "percent_covered_display": "0",
[...]
 0, "num_statements": 6, "percent_covered": 0.0, "percent_covered_display": "0", "missing_lines": 6, "excluded_lines": 0, "percent_statements_covered": 0.0, "percent_statements_covered_display": "0"}, "missing_lines": [234, 235, 236, 237, 243, 244], "excluded_lines": [], "start_line": 221}, "get_package_lock_status": {"executed_lines": [], "summary": {"covered_lines": 0, "num_statements": 6, "percent_covered": 0.0, "percent_covered_display": "0", "missing_lines": 6, "excluded_lines": 0, "percent_statements_covered": 0.0, "percent_statements_covered_display": "0"}, "missing_lines": [261, 262, 263, 264, 270, 271], "excluded_lines": [], "start_line": 248}, "lock_device_workspace": {"executed_lines": [], "summary": {"covered_lines": 0, "num_statements": 6, "percent_covered": 0.0, "percent_covered_display": "0", "missing_lines": 6, "excluded_lines": 0, "percent_statements_covered": 0.0, "percent_statements_covered_display": "0"}, "missing_lines": [298, 299, 300, 301, 307, 308], "excluded_lines": [], "start_line": 279}, "unlock_device_workspace": {"executed_lines": [], "summary": {"covered_lines": 0, "num_statements": 6, "percent_covered": 0.0, "percent_covered_display": "0", "missing_lines": 6, "excluded_lines": 0, "percent_statements_covered": 0.0, "percent_statements_covered_display": "0"}, "missing_lines": [327, 328, 329, 330, 336, 337], "excluded_lines": [], "start_line": 312}, "commit_device_workspace": {"executed_lines": [], "summary": {"covered_lines": 0, "num_statements": 6, "percent_covered": 0.0, "percent_covered_display": "0", "missing_lines": 6, "excluded_lines": 0, "percent_statements_covered": 0.0, "percent_statements_covered_display": "0"}, "missing_lines": [354, 355, 356, 357, 363, 364], "excluded_lines": [], "start_line": 341}, "revert_adom_to_revision": {"executed_lines": [], "summary": {"covered_lines": 0, "num_statements": 6, "percent_covered": 0.0, "percent_covered_display": "0", "missing_lines": 6, "excluded_lines": 0, "percent_statements_covered": 0.0, "percent_statements_covered_display": "0"}, "missing_lines": [398, 399, 400, 401, 407, 408], "excluded_lines": [], "start_line": 372}, "": {"executed_lines": [], "summary": {"covered_lines": 0, "num_statements": 28, "percent_covered": 0.0, "percent_covered_display": "0", "missing_lines": 28, "excluded_lines": 0, "percent_statements_covered": 0.0, "percent_statements_covered_display": "0"}, "missing_lines": [3, 5, 6, 9, 19, 20, 52, 53, 82, 83, 122, 123, 155, 156, 191, 192, 220, 221, 247, 248, 278, 279, 311, 312, 340, 341, 371, 372], "excluded_lines": [], "start_line": 1}}, "classes": {"": {"executed_lines": [], "summary": {"covered_lines": 0, "num_statements": 102, "percent_covered": 0.0, "percent_covered_display": "0", "missing_lines": 102, "excluded_lines": 0, "percent_statements_covered": 0.0, "percent_statements_covered_display": "0"}, "missing_lines": [3, 5, 6, 9, 11, 12, 19, 20, 39, 40, 41, 42, 48, 49, 52, 53, 69, 70, 71, 72, 78, 79, 82, 83, 108, 109, 110, 111, 118, 119, 122, 123, 139, 140, 141, 142, 147, 148, 155, 156, 178, 179, 180, 181, 187, 188, 191, 192, 207, 208, 209, 210, 216, 217, 220, 221, 234, 235, 236, 237, 243, 244, 247, 248, 261, 262, 263, 264, 270, 271, 278, 279, 298, 299, 300, 301, 307, 308, 311, 312, 327, 328, 329, 330, 336, 337, 340, 341, 354, 355, 356, 357, 363, 364, 371, 372, 398, 399, 400, 401, 407, 408], "excluded_lines": [], "start_line": 1}}}, "src/fortimanager_mcp/utils/__init__.py": {"executed_lines": [3, 4, 12], "summary": {"covered_lines": 3, "num_statements": 3, "percent_covered": 100.0, "percent_covered_display": "100", "missing_lines": 0, "excluded_lines": 0, "percent_statements_covered": 100.0, "percent_statements_covered_display": "100"}, "missing_lines": [], "excluded_lines": [], "functions": {"": {"executed_lines": [3, 4, 12], "summary": {"covered_lines": 3, "num_statements": 3, "percent_covered": 100.0, "percent_covered_display": "100", "missing_lines": 0, "excluded_lines": 0, "percent_statements_covered": 100.0, "percent_statements_covered_display": "100"}, "missing_lines": [], "excluded_lines": [], "start_line": 1}}, "classes": {"": {"executed_lines": [3, 4, 12], "summary": {"covered_lines": 3, "num_statements": 3, "percent_covered": 100.0, "percent_covered_display": "100", "missing_lines": 0, "excluded_lines": 0, "percent_statements_covered": 100.0, "percent_statements_covered_display": "100"}, "missing_lines": [], "excluded_lines": [], "start_line": 1}}}, "src/fortimanager_mcp/utils/config.py": {"executed_lines": [3, 4, 5, 6, 8, 9, 12, 15, 23, 28, 33, 38, 44, 49, 54, 59, 66, 74, 79, 87, 93, 99, 104, 109, 115, 120, 125, 130, 131, 132, 142, 143, 144, 146, 148, 150, 151, 155, 156, 163, 164, 172, 173, 177, 192, 212, 213, 222], "summary": {"covered_lines": 48, "num_statements": 72, "percent_covered": 66.66666666666667, "percent_covered_display": "67", "missing_lines": 24, "excluded_lines": 0, "percent_statements_covered": 66.66666666666667, "percent_statements_covered_display": "67"}, "missing_lines": [134, 135, 137, 139, 140, 147, 153, 158, 166, 175, 180, 183, 190, 194, 197, 198, 199, 200, 203, 204, 205, 206, 207, 209], "excluded_lines": [], "functions": {"Settings.validate_host": {"executed_lines": [], "summary": {"covered_lines": 0, "num_statements": 5, "percent_covered": 0.0, "percent_covered_display": "0", "missing_lines": 5, "excluded_lines": 0, "percent_statements_covered": 0.0, "percent_statements_covered_display": "0"}, "missing_lines": [134, 135, 137, 139, 140], "excluded_lines": [], "start_line": 132}, "Settings.validate_log_file": {"executed_lines": [146, 148], "summary": {"covered_lines": 2, "num_statements": 3, "percent_covered": 66.66666666666667, "percent_covered_display": "67", "missing_lines": 1, "excluded_lines": 0, "percent_statements_covered": 66.66666666666667, "percent_statements_covered_display": "67"}, "missing_lines": [147], "excluded_lines": [], "start_line": 144}, "Settings.has_token_auth": {"executed_lines": [], "summary": {"covered_lines": 0, "num_statements": 1, "percent_covered": 0.0, "percent_covered_display": "0", "missing_lines": 1, "excluded_lines": 0, "percent_statements_covered": 0.0, "percent_statements_covered_display": "0"}, "missing_lines": [153], "excluded_lines": [], "start_line": 151}, "Settings.has_session_auth": {"executed_lines": [], "summary": {"covered_lines": 0, "num_statements": 1, "percent_covered": 0.0, "percent_covered_display": "0", "missing_lines": 1, "excluded_lines": 0, "percent_statements_covered": 0.0, "percent_statements_covered_display": "0"}, "missing_lines": [158], "excluded_lines": [], "start_line": 156}, "Settings.has_forticloud_auth": {"executed_lines": [], "summary": {"covered_lines": 0, "num_statements": 1, "percent_covered": 0.0, "percent_covered_display": "0", "missing_lines": 1, "excluded_lines": 0, "percent_statements_covered": 0.0, "percent_statements_covered_display": "0"}, "missing_lines": [166], "excluded_lines": [], "start_line": 164}, "Settings.base_url": {"executed_lines": [], "summary": {"covered_lines": 0, "num_statements": 1, "percent_covered": 0.0, "percent_covered_display": "0", "missing_lines": 1, "excluded_lines": 0, "percent_statements_covered": 0.0, "percent_statements_covered_display": "0"}, "missing_lines": [175], "excluded_lines": [], "start_line": 173}, "Settings.configure_logging": {"executed_lines": [], "summary": {"covered_lines": 0, "num_statements": 3, "percent_covered": 0.0, "percent_covered_display": "0", "missing_lines": 3, "excluded_lines": 0, "percent_statements_covered": 0.0, "percent_statements_covered_display": "0"}, "missing_lines": [180, 183, 190], "excluded_lines": [], "start_line": 177}, "Settings._get_log_handlers": {"executed_lines": [], "summary": {"covered_lines": 0, "num_statements": 11, "percent_covered": 0.0, "percent_covered_display": "0", "missing_lines": 11, "excluded_lines": 0, "percent_statements_covered": 0.0, "percent_statements_covered_display": "0"}, "missing_lines": [194, 197, 198, 199, 200, 203, 204, 205, 206, 207, 209], "excluded_lines": [], "start_line": 192}, "get_settings": {"executed_lines": [222], "summary": {"covered_lines": 1, "num_statements": 1, "percent_covered": 100.0, "percent_covered_display": "100", "missing_lines": 0, "excluded_lines": 0, "percent_statements_covered": 100.0, "percent_statements_covered_display": "100"}, "missing_lines": [], "excluded_lines": [], "start_line": 213}, "": {"executed_lines": [3, 4, 5, 6, 8, 9, 12, 15, 23, 28, 33, 38, 44, 49, 54, 59, 66, 74, 79, 87, 93, 99, 104, 109, 115, 120, 125, 130, 131, 132, 142, 143, 144, 150, 151, 155, 156, 163, 164, 172, 173, 177, 192, 212, 213], "summary": {"covered_lines": 45, "num_statements": 45, "percent_covered": 100.0, "percent_covered_display": "100", "missing_lines": 0, "excluded_lines": 0, "percent_statements_covered": 100.0, "percent_statements_covered_display": "100"}, "missing_lines": [], "excluded_lines": [], "start_line": 1}}, "classes": {"Settings": {"executed_lines": [146, 148], "summary": {"covered_lines": 2, "num_statements": 26, "percent_covered": 7.6923076923076925, "percent_covered_display": "8", "missing_lines": 24, "excluded_lines": 0, "percent_statements_covered": 7.6923076923076925, "percent_statements_covered_display": "8"}, "missing_lines": [134, 135, 137, 139, 140, 147, 153, 158, 166, 175, 180, 183, 190, 194, 197, 198, 199, 200, 203, 204, 205, 206, 207, 209], "excluded_lines": [], "start_line": 12}, "": {"executed_lines": [3, 4, 5, 6, 8, 9, 12, 15, 23, 28, 33, 38, 44, 49, 54, 59, 66, 74, 79, 87, 93, 99, 104, 109, 115, 120, 125, 130, 131, 132, 142, 143, 144, 150, 151, 155, 156, 163, 164, 172, 173, 177, 192, 212, 213, 222], "summary": {"covered_lines": 46, "num_statements": 46, "percent_covered": 100.0, "percent_covered_display": "100", "missing_lines": 0, "excluded_lines": 0, "percent_statements_covered": 100.0, "percent_statements_covered_display": "100"}, "missing_lines": [], "excluded_lines": [], "start_line": 1}}}, "src/fortimanager_mcp/utils/errors.py": {"executed_lines": [4, 7, 20, 26, 36, 39, 42, 45, 48, 51, 54, 57, 60, 63, 66, 69, 72, 75, 79, 92], "summary": {"covered_lines": 20, "num_statements": 33, "percent_covered": 60.60606060606061, "percent_covered_display": "61", "missing_lines": 13, "excluded_lines": 0, "percent_statements_covered": 60.60606060606061, "percent_statements_covered_display": "61"}, "missing_lines": [15, 16, 17, 18, 22, 23, 24, 28, 103, 105, 106, 107, 109], "excluded_lines": [], "functions": {"FortiManagerError.__init__": {"executed_lines": [], "summary": {"covered_lines": 0, "num_statements": 4, "percent_covered": 0.0, "percent_covered_display": "0", "missing_lines": 4, "excluded_lines": 0, "percent_statements_covered": 0.0, "percent_statements_covered_display": "0"}, "missing_lines": [15, 16, 17, 18], "excluded_lines": [], "start_line": 7}, "FortiManagerError.__str__": {"executed_lines": [], "summary": {"covered_lines": 0, "num_statements": 3, "percent_covered": 0.0, "percent_covered_display": "0", "missing_lines": 3, "excluded_lines": 0, "percent_statements_covered": 0.0, "percent_statements_covered_display": "0"}, "missing_lines": [22, 23, 24], "excluded_lines": [], "start_line": 20}, "FortiManagerError.to_dict": {"executed_lines": [], "summary": {"covered_lines": 0, "num_statements": 1, "percent_covered": 0.0, "percent_covered_display": "0", "missing_lines": 1, "excluded_lines": 0, "percent_statements_covered": 0.0, "percent_statements_covered_display": "0"}, "missing_lines": [28], "excluded_lines": [], "start_line": 26}, "parse_fmg_error": {"executed_lines": [], "summary": {"covered_lines": 0, "num_statements": 5, "percent_covered": 0.0, "percent_covered_display": "0", "missing_lines": 5, "excluded_lines": 0, "percent_statements_covered": 0.0, "percent_statements_covered_display": "0"}, "missing_lines": [103, 105, 106, 107, 109], "excluded_lines": [], "start_line": 92}, "": {"executed_lines": [4, 7, 20, 26, 36, 39, 42, 45, 48, 51, 54, 57, 60, 63, 66, 69, 72, 75, 79, 92], "summary": {"covered_lines": 20, "num_statements": 20, "percent_covered": 100.0, "percent_covered_display": "100", "missing_lines": 0, "excluded_lines": 0, "percent_statements_covered": 100.0, "percent_statements_covered_display": "100"}, "missing_lines": [], "excluded_lines": [], "start_line": 1}}, "classes": {"FortiManagerError": {"executed_lines": [], "summary": {"covered_lines": 0, "num_statements": 8, "percent_covered": 0.0, "percent_covered_display": "0", "missing_lines": 8, "excluded_lines": 0, "percent_statements_covered": 0.0, "percent_statements_covered_display": "0"}, "missing_lines": [15, 16, 17, 18, 22, 23, 24, 28], "excluded_lines": [], "start_line": 4}, "AuthenticationError": {"executed_lines": [], "summary": {"covered_lines": 0, "num_statements": 0, "percent_covered": 100.0, "percent_covered_display": "100", "missing_lines": 0, "excluded_lines": 0, "percent_statements_covered": 100.0, "percent_statements_covered_display": "100"}, "missing_lines": [], "excluded_lines": [], "start_line": 36}, "ConnectionError": {"executed_lines": [], "summary": {"covered_lines": 0, "num_statements": 0, "percent_covered": 100.0, "percent_covered_display": "100", "missing_lines": 0, "excluded_lines": 0, "percent_statements_covered": 100.0, "percent_statements_covered_display": "100"}, "missing_lines": [], "excluded_lines": [], "start_line": 42}, "APIError": {"executed_lines": [], "summary": {"covered_lines": 0, "num_statements": 0, "percent_covered": 100.0, "percent_covered_display": "100", "missing_lines": 0, "excluded_lines": 0, "percent_statements_covered": 100.0, "percent_statements_covered_display": "100"}, "missing_lines": [], "excluded_lines": [], "start_line": 48}, "ValidationError": {"executed_lines": [], "summary": {"covered_lines": 0, "num_statements": 0, "percent_covered": 100.0, "percent_covered_display": "100", "missing_lines": 0, "excluded_lines": 0, "percent_statements_covered": 100.0, "percent_statements_covered_display": "100"}, "missing_lines": [], "excluded_lines": [], "start_line": 54}, "ResourceNotFoundError": {"executed_lines": [], "summary": {"covered_lines": 0, "num_statements": 0, "percent_covered": 100.0, "percent_covered_display": "100", "missing_lines": 0, "excluded_lines": 0, "percent_statements_covered": 100.0, "percent_statements_covered_display": "100"}, "missing_lines": [], "excluded_lines": [], "start_line": 60}, "PermissionError": {"executed_lines": [], "summary": {"covered_lines": 0, "num_statements": 0, "percent_covered": 100.0, "percent_covered_display": "100", "missing_lines": 0, "excluded_lines": 0, "percent_statements_covered": 100.0, "percent_statements_covered_display": "100"}, "missing_lines": [], "excluded_lines": [], "start_line": 66}, "TimeoutError": {"executed_lines": [], "summary": {"covered_lines": 0, "num_statements": 0, "percent_covered": 100.0, "percent_covered_display": "100", "missing_lines": 0, "excluded_lines": 0, "percent_statements_covered": 100.0, "percent_statements_covered_display": "100"}, "missing_lines": [], "excluded_lines": [], "start_line": 72}, "": {"executed_lines": [4, 7, 20, 26, 36, 39, 42, 45, 48, 51, 54, 57, 60, 63, 66, 69, 72, 75, 79, 92], "summary": {"covered_lines": 20, "num_statements": 25, "percent_covered": 80.0, "percent_covered_display": "80", "missing_lines": 5, "excluded_lines": 0, "percent_statements_covered": 80.0, "percent_statements_covered_display": "80"}, "missing_lines": [103, 105, 106, 107, 109], "excluded_lines": [], "start_line": 1}}}, "src/fortimanager_mcp/utils/tool_registry.py": {"executed_lines": [], "summary": {"covered_lines": 0, "num_statements": 76, "percent_covered": 0.0, "percent_covered_display": "0", "missing_lines": 76, "excluded_lines": 0, "percent_statements_covered": 0.0, "percent_statements_covered_display": "0"}, "missing_lines": [3, 4, 5, 6, 8, 10, 13, 14, 17, 18, 19, 20, 21, 22, 30, 4346, 4352, 4444, 4447, 4462, 4464, 4466, 4467, 4470, 4471, 4472, 4473, 4475, 4477, 4478, 4480, 4483, 4492, 4495, 4512, 4513, 4514, 4516, 4519, 4538, 4539, 4541, 4542, 4543, 4544, 4545, 4546, 4548, 4549, 4552, 4555, 4556, 4557, 4558, 4561, 4562, 4563, 4564, 4566, 4569, 4570, 4572, 4574, 4575, 4576, 4579, 4580, 4582, 4584, 4586, 4587, 4588, 4591, 4597, 4598, 4599], "excluded_lines": [], "functions": {"get_tool_categories": {"executed_lines": [], "summary": {"covered_lines": 0, "num_statements": 2, "percent_covered": 0.0, "percent_covered_display": "0", "missing_lines": 2, "excluded_lines": 0, "percent_statements_covered": 0.0, "percent_statements_covered_display": "0"}, "missing_lines": [4352, 4444], "excluded_lines": [], "start_line": 4346}, "search_tools": {"executed_lines": [], "summary": {"covered_lines": 0, "num_statements": 12, "percent_covered": 0.0, "percent_covered_display": "0", "missing_lines": 12, "excluded_lines": 0, "percent_statements_covered": 0.0, "percent_statements_covered_display": "0"}, "missing_lines": [4462, 4464, 4466, 4467, 4470, 4471, 4472, 4473, 4475, 4477, 4478, 4480], "excluded_lines": [], "start_line": 4447}, "get_tool_metadata": {"executed_lines": [], "summary": {"covered_lines": 0, "num_statements": 1, "percent_covered": 0.0, "percent_covered_display": "0", "missing_lines": 1, "excluded_lines": 0, "percent_statements_covered": 0.0, "percent_statements_covered_display": "0"}, "missing_lines": [4492], "excluded_lines": [], "start_line": 4483}, "execute_tool_dynamic": {"executed_lines": [], "summary": {"covered_lines": 0, "num_statements": 38, "percent_covered": 0.0, "percent_covered_display": "0", "missing_lines": 38, "excluded_lines": 0, "percent_statements_covered": 0.0, "percent_statements_covered_display": "0"}, "missing_lines": [4512, 4513, 4514, 4516, 4519, 4538, 4539, 4541, 4542, 4543, 4544, 4545, 4546, 4548, 4549, 4552, 4555, 4556, 4557, 4558, 4561, 4562, 4563, 4564, 4566, 4569, 4570, 4572, 4574, 4575, 4576, 4579, 4580, 4582, 4584, 4586, 4587, 4588], "excluded_lines": [], "start_line": 4495}, "populate_registry": {"executed_lines": [], "summary": {"covered_lines": 0, "num_statements": 3, "percent_covered": 0.0, "percent_covered_display": "0", "missing_lines": 3, "excluded_lines": 0, "percent_statements_covered": 0.0, "percent_statements_covered_display": "0"}, "missing_lines": [4597, 4598, 4599], "excluded_lines": [], "start_line": 4591}, "": {"executed_lines": [], "summary": {"covered_lines": 0, "num_statements": 20, "percent_covered": 0.0, "percent_covered_display": "0", "missing_lines": 20, "excluded_lines": 0, "percent_statements_covered": 0.0, "percent_statements_covered_display": "0"}, "missing_lines": [3, 4, 5, 6, 8, 10, 13, 14, 17, 18, 19, 20, 21, 22, 30, 4346, 4447, 4483, 4495, 4591], "excluded_lines": [], "start_line": 1}}, "classes": {"ToolMetadata": {"executed_lines": [], "summary": {"covered_lines": 0, "num_statements": 0, "percent_covered": 100.0, "percent_covered_display": "100", "missing_lines": 0, "excluded_lines": 0, "percent_statements_covered": 100.0, "percent_statements_covered_display": "100"}, "missing_lines": [], "excluded_lines": [], "start_line": 14}, "": {"executed_lines": [], "summary": {"covered_lines": 0, "num_statements": 76, "percent_covered": 0.0, "percent_covered_display": "0", "missing_lines": 76, "excluded_lines": 0, "percent_statements_covered": 0.0, "percent_statements_covered_display": "0"}, "missing_lines": [3, 4, 5, 6, 8, 10, 13, 14, 17, 18, 19, 20, 21, 22, 30, 4346, 4352, 4444, 4447, 4462, 4464, 4466, 4467, 4470, 4471, 4472, 4473, 4475, 4477, 4478, 4480, 4483, 4492, 4495, 4512, 4513, 4514, 4516, 4519, 4538, 4539, 4541, 4542, 4543, 4544, 4545, 4546, 4548, 4549, 4552, 4555, 4556, 4557, 4558, 4561, 4562, 4563, 4564, 4566, 4569, 4570, 4572, 4574, 4575, 4576, 4579, 4580, 4582, 4584, 4586, 4587, 4588, 4591, 4597, 4598, 4599], "excluded_lines": [], "start_line": 1}}}}, "totals": {"covered_lines": 413, "num_statements": 8992, "percent_covered": 4.592971530249111, "percent_covered_display": "5", "missing_lines": 8579, "excluded_lines": 9, "percent_statements_covered": 4.592971530249111, "percent_statements_covered_display": "5"}}